This is pdfTeX, Version 3.141592653-2.6-1.40.26 (MiKTeX 24.4) (preloaded format=pdflatex 2024.8.23)  24 AUG 2024 10:26
entering extended mode
 restricted \write18 enabled.
 file:line:error style messages enabled.
 %&-line parsing enabled.
**d:/Noah/Uni/AA10/gewichteteEwZaehlung/Ausarbeitung.tex
(d:/Noah/Uni/AA10/gewichteteEwZaehlung/Ausarbeitung.tex
LaTeX2e <2024-06-01> patch level 2
L3 programming layer <2024-07-20>
(C:\Program Files\MiKTeX\tex/latex/tudscr\tudscrreprt.cls
Document Class: tudscrreprt 2022/08/09 v2.06o TUD-Script document class (scrreprt)
+------------------------------------------------------------------
| Corporate Design of Technische Universitaet Dresden
| Class: tudscrreprt
| Version: 2022/08/09 v2.06o TUD-Script
| Author: Falk Hanisch (hanisch.latex@outlook.com)
| Repository: https://github.com/tud-cd/tudscr
| Forum: https://latex.wcms-file3.tu-dresden.de/phpBB3/
+------------------------------------------------------------------
(C:\Program Files\MiKTeX\tex/latex/tudscr\tudscrbase.sty
Package: tudscrbase 2022/08/09 v2.06o TUD-Script package (basics for the bundle)
 (C:\Program Files\MiKTeX\tex/latex/koma-script\scrbase.sty
Package: scrbase 2023/07/07 v3.41 KOMA-Script package (KOMA-Script-independent basics and keyval usage)
 (C:\Program Files\MiKTeX\tex/latex/koma-script\scrlfile.sty
Package: scrlfile 2023/07/07 v3.41 KOMA-Script package (file load hooks)
 (C:\Program Files\MiKTeX\tex/latex/koma-script\scrlfile-hook.sty
Package: scrlfile-hook 2023/07/07 v3.41 KOMA-Script package (using LaTeX hooks)
 (C:\Program Files\MiKTeX\tex/latex/koma-script\scrlogo.sty
Package: scrlogo 2023/07/07 v3.41 KOMA-Script package (logo)
))) (C:\Program Files\MiKTeX\tex/latex/graphics\keyval.sty
Package: keyval 2022/05/29 v1.15 key=value parser (DPC)
\KV@toks@=\toks17
)
Applying: [2021/05/01] Usage of raw or classic option list on input line 252.
Already applied: [0000/00/00] Usage of raw or classic option list on input line 368.
) (C:\Program Files\MiKTeX\tex/generic/iftex\iftex.sty
Package: iftex 2022/02/03 v1.0f TeX engine tests
) (C:\Program Files\MiKTeX\tex/latex/etoolbox\etoolbox.sty
Package: etoolbox 2020/10/05 v2.5k e-TeX tools for LaTeX (JAW)
\etb@tempcnta=\count194
) (C:\Users\noahg\AppData\Roaming\MiKTeX\tex/latex/xpatch\xpatch.sty (C:\Program Files\MiKTeX\tex/latex/l3kernel\expl3.sty
Package: expl3 2024-07-20 L3 programming layer (loader) 
 (C:\Program Files\MiKTeX\tex/latex/l3backend\l3backend-pdftex.def
File: l3backend-pdftex.def 2024-05-08 L3 backend support: PDF output (pdfTeX)
\l__color_backend_stack_int=\count195
\l__pdf_internal_box=\box52
))
Package: xpatch 2020/03/25 v0.3a Extending etoolbox patching commands
 (C:\Program Files\MiKTeX\tex/latex/l3packages/xparse\xparse.sty
Package: xparse 2024-05-08 L3 Experimental document command parser
)) (C:\Users\noahg\AppData\Roaming\MiKTeX\tex/latex/letltxmacro\letltxmacro.sty
Package: letltxmacro 2019/12/03 v1.6 Let assignment for LaTeX macros (HO)
) (C:\Users\noahg\AppData\Roaming\MiKTeX\tex/latex/kvsetkeys\kvsetkeys.sty
Package: kvsetkeys 2022-10-05 v1.19 Key value parser (HO)
) (C:\Program Files\MiKTeX\tex/latex/trimspaces\trimspaces.sty
Package: trimspaces 2009/09/17 v1.1 Trim spaces around a token list
)
\tud@res@glue=\skip49
\tud@res@cnt=\count196
\tud@toks@=\toks18
) (C:\Program Files\MiKTeX\tex/latex/koma-script\scrreprt.cls
Document Class: scrreprt 2023/07/07 v3.41 KOMA-Script document class (report)
(C:\Program Files\MiKTeX\tex/latex/koma-script\scrkbase.sty
Package: scrkbase 2023/07/07 v3.41 KOMA-Script package (KOMA-Script-dependent basics and keyval usage)
) (C:\Program Files\MiKTeX\tex/latex/koma-script\tocbasic.sty
Package: tocbasic 2023/07/07 v3.41 KOMA-Script package (handling toc-files)
\scr@dte@tocline@numberwidth=\skip50
\scr@dte@tocline@numbox=\box53
)
Package tocbasic Info: omitting babel extension for `toc'
(tocbasic)             because of feature `nobabel' available
(tocbasic)             for `toc' on input line 135.
Class scrreprt Info: File `scrsize11pt.clo' used instead of
(scrreprt)           file `scrsize11.clo' to setup font sizes on input line 2688.
 (C:\Program Files\MiKTeX\tex/latex/koma-script\scrsize11pt.clo
File: scrsize11pt.clo 2023/07/07 v3.41 KOMA-Script font size class option (11pt)
) (C:\Program Files\MiKTeX\tex/latex/koma-script\typearea.sty
Package: typearea 2023/07/07 v3.41 KOMA-Script package (type area)
\ta@bcor=\skip51
\ta@div=\count197
\ta@hblk=\skip52
\ta@vblk=\skip53
\ta@temp=\skip54
\footheight=\skip55
Package typearea Info: These are the values describing the layout:
(typearea)             DIV  = 10
(typearea)             BCOR = 11.38109pt
(typearea)             \paperwidth      = 597.50793pt
(typearea)              \textwidth      = 410.28883pt
(typearea)              DIV departure   = -4%
(typearea)              \evensidemargin = 27.0301pt
(typearea)              \oddsidemargin  = 27.0301pt
(typearea)             \paperheight     = 845.04694pt
(typearea)              \textheight     = 595.80026pt
(typearea)              \topmargin      = -25.16531pt
(typearea)              \headheight     = 17.0pt
(typearea)              \headsep        = 20.40001pt
(typearea)              \topskip        = 11.0pt
(typearea)              \footskip       = 47.6pt
(typearea)              \baselineskip   = 13.6pt
(typearea)              on input line 1799.
)
\c@part=\count198
\c@chapter=\count199
\c@section=\count266
\c@subsection=\count267
\c@subsubsection=\count268
\c@paragraph=\count269
\c@subparagraph=\count270
\scr@dte@chapter@maxnumwidth=\skip56
Class scrreprt Info: using compatibility default `afterindent=bysign'
(scrreprt)           for `\chapter on input line 5994.
\scr@dte@section@maxnumwidth=\skip57
Class scrreprt Info: using compatibility default `runin=bysign'
(scrreprt)           for `\section on input line 6005.
Class scrreprt Info: using compatibility default `afterindent=bysign'
(scrreprt)           for `\section on input line 6005.
\scr@dte@part@maxnumwidth=\skip58
Class scrreprt Info: using compatibility default `afterindent=true'
(scrreprt)           for `\part on input line 6014.
\scr@dte@subsection@maxnumwidth=\skip59
Class scrreprt Info: using compatibility default `runin=bysign'
(scrreprt)           for `\subsection on input line 6024.
Class scrreprt Info: using compatibility default `afterindent=bysign'
(scrreprt)           for `\subsection on input line 6024.
\scr@dte@subsubsection@maxnumwidth=\skip60
Class scrreprt Info: using compatibility default `runin=bysign'
(scrreprt)           for `\subsubsection on input line 6034.
Class scrreprt Info: using compatibility default `afterindent=bysign'
(scrreprt)           for `\subsubsection on input line 6034.
\scr@dte@paragraph@maxnumwidth=\skip61
Class scrreprt Info: using compatibility default `runin=bysign'
(scrreprt)           for `\paragraph on input line 6045.
Class scrreprt Info: using compatibility default `afterindent=bysign'
(scrreprt)           for `\paragraph on input line 6045.
\scr@dte@subparagraph@maxnumwidth=\skip62
Class scrreprt Info: using compatibility default `runin=bysign'
(scrreprt)           for `\subparagraph on input line 6055.
Class scrreprt Info: using compatibility default `afterindent=bysign'
(scrreprt)           for `\subparagraph on input line 6055.
\abovecaptionskip=\skip63
\belowcaptionskip=\skip64
\c@pti@nb@sid@b@x=\box54
Package tocbasic Info: omitting babel extension for `lof'
(tocbasic)             because of feature `nobabel' available
(tocbasic)             for `lof' on input line 7240.
\scr@dte@figure@maxnumwidth=\skip65
\c@figure=\count271
Package tocbasic Info: omitting babel extension for `lot'
(tocbasic)             because of feature `nobabel' available
(tocbasic)             for `lot' on input line 7257.
\scr@dte@table@maxnumwidth=\skip66
\c@table=\count272
Class scrreprt Info: Redefining `\numberline' on input line 7428.
\bibindent=\dimen141
) (C:\Program Files\MiKTeX\tex/latex/environ\environ.sty
Package: environ 2014/05/04 v0.3 A new way to define environments
\@envbody=\toks19
)
\tud@cdfont@symbols@toks=\toks20
\tud@cdmath@symbols@toks=\toks21
\tud@glue@signaturevskip=\skip67
\tud@dim@widemargin=\dimen142
\tud@dim@slimmargin=\dimen143
\tud@dim@bothmargin=\dimen144
\tud@dim@topmargin=\dimen145
\tud@dim@barheight=\dimen146
\tud@dim@headsep=\dimen147
\tud@dim@footsep=\dimen148
\tud@dim@logox=\dimen149
\tud@dim@logoy=\dimen150
\tud@dim@logowidth=\dimen151
\tud@dim@line=\dimen152
\tud@dim@heavyline=\dimen153
\tud@dim@thinline=\dimen154
\tud@dim@areaheadvskip=\dimen155
\tud@dim@areadiff=\dimen156
\tud@dim@areavskip=\dimen157
\tud@dim@layoutwidth=\dimen158
\tud@dim@layoutheight=\dimen159
\tud@dim@layouthoffset=\dimen160
\tud@dim@layoutvoffset=\dimen161
 (C:\Users\noahg\AppData\Roaming\MiKTeX\tex/latex/geometry\geometry.sty
Package: geometry 2020/01/02 v5.9 Page Geometry
 (C:\Program Files\MiKTeX\tex/generic/iftex\ifvtex.sty
Package: ifvtex 2019/10/25 v1.7 ifvtex legacy package. Use iftex instead.
)
\Gm@cnth=\count273
\Gm@cntv=\count274
\c@Gm@tempcnt=\count275
\Gm@bindingoffset=\dimen162
\Gm@wd@mp=\dimen163
\Gm@odd@mp=\dimen164
\Gm@even@mp=\dimen165
\Gm@layoutwidth=\dimen166
\Gm@layoutheight=\dimen167
\Gm@layouthoffset=\dimen168
\Gm@layoutvoffset=\dimen169
\Gm@dimlist=\toks22
 (C:\Users\noahg\AppData\Roaming\MiKTeX\tex/latex/geometry\geometry.cfg))
\tud@layer@main@black=\box55
\tud@layer@main@HKS41=\box56
\tud@layer@main@white=\box57
\tud@dim@mainlogoheight=\dimen170
\tud@layer@head@black=\box58
\tud@layer@head@HKS41=\box59
\tud@layer@head@white=\box60
\tud@layer@head@option=\box61
\tud@layer@foot@black=\box62
\tud@layer@foot@HKS41=\box63
\tud@layer@foot@white=\box64
\tud@layer@foot@option=\box65
\tud@layer@foot@cmd=\box66
Class scrreprt Info: Usage of deprecated command `\At@startsection' mapped to
(scrreprt)           `\AddtoDoHook{heading/postinit} {...\@gobble}' on input line 7062.
\tud@title@box=\box67
\footlogoheight=\skip68
\pageheadingsvskip=\skip69
\headingsvskip=\skip70
) (C:\Program Files\MiKTeX\tex/latex/base\fontenc.sty
Package: fontenc 2021/04/29 v2.0v Standard LaTeX package
) (C:\Program Files\MiKTeX\tex/generic/oberdiek\hyphsubst.sty
Package: hyphsubst 2016/05/16 v0.3 Substitute hyphenation patterns (HO)
 (C:\Users\noahg\AppData\Roaming\MiKTeX\tex/generic/infwarerr\infwarerr.sty
Package: infwarerr 2019/12/03 v1.5 Providing info/warning/error messages (HO)
)
Package hyphsubst Info: Redefined: \l@ngerman
(hyphsubst)             old value: 48
(hyphsubst)             new value: 48 on input line 227.
) (C:\Program Files\MiKTeX\tex/generic/babel\babel.sty
Package: babel 2024/06/26 v24.7 The Babel package
\babel@savecnt=\count276
\U@D=\dimen171
\l@unhyphenated=\language79
 (C:\Program Files\MiKTeX\tex/generic/babel\txtbabel.def)
\bbl@readstream=\read2
\bbl@dirlevel=\count277

*************************************
* Local config file bblopts.cfg used
*
(C:\Program Files\MiKTeX\tex/latex/arabi\bblopts.cfg
File: bblopts.cfg 2005/09/08 v0.1 add Arabic and Farsi to "declared" options of babel
) (C:\Users\noahg\AppData\Roaming\MiKTeX\tex/latex/babel-german\ngerman.ldf
Language: ngerman 2024/01/19 v2.14 German support for babel (post-1996 orthography)
 (C:\Users\noahg\AppData\Roaming\MiKTeX\tex/latex/babel-german\ngermanb.ldf
Language: ngermanb 2024/01/19 v2.14 German support for babel (post-1996 orthography)
Package babel Info: Making " an active character on input line 122.
))) (C:\Program Files\MiKTeX\tex/generic/babel/locale/de\babel-ngerman.tex
Package babel Info: Importing font and identification data for ngerman
(babel)             from babel-de.ini. Reported on input line 11.
) (C:\Users\noahg\AppData\Roaming\MiKTeX\tex/latex/isodate\isodate.sty
Package: isodate 2010/01/03 v2.30 Print dates with different formats (HH)
 (C:\Program Files\MiKTeX\tex/latex/base\ifthen.sty
Package: ifthen 2024/03/16 v1.1e Standard LaTeX ifthen package (DPC)
) (C:\Users\noahg\AppData\Roaming\MiKTeX\tex/latex/substr\substr.sty
Package: substr 2009/10/20 v1.2 Handle substrings
\c@su@anzahl=\count278
) (C:\Users\noahg\AppData\Roaming\MiKTeX\tex/latex/isodate\german.idf
File: german.idf 2010/01/03 v2.30 Language definitions for isodate package (HH)

Define commands for German date format (ngerman)
)
\c@iso@tmpmonth=\count279
\c@iso@yeartwo=\count280
\c@iso@slash=\count281
\c@iso@minus=\count282
\c@iso@dot=\count283
\c@iso@@slash=\count284
\c@iso@@minus=\count285
\c@iso@@dot=\count286
) (C:\Program Files\MiKTeX\tex/latex/hyperref\hyperref.sty
Package: hyperref 2024-07-10 v7.01j Hypertext links for LaTeX
 (C:\Users\noahg\AppData\Roaming\MiKTeX\tex/generic/kvdefinekeys\kvdefinekeys.sty
Package: kvdefinekeys 2019-12-19 v1.6 Define keys (HO)
) (C:\Program Files\MiKTeX\tex/generic/pdfescape\pdfescape.sty
Package: pdfescape 2019/12/09 v1.15 Implements pdfTeX's escape features (HO)
 (C:\Users\noahg\AppData\Roaming\MiKTeX\tex/generic/ltxcmds\ltxcmds.sty
Package: ltxcmds 2023-12-04 v1.26 LaTeX kernel commands for general use (HO)
) (C:\Program Files\MiKTeX\tex/generic/pdftexcmds\pdftexcmds.sty
Package: pdftexcmds 2020-06-27 v0.33 Utility functions of pdfTeX for LuaTeX (HO)
Package pdftexcmds Info: \pdf@primitive is available.
Package pdftexcmds Info: \pdf@ifprimitive is available.
Package pdftexcmds Info: \pdfdraftmode found.
)) (C:\Program Files\MiKTeX\tex/latex/hycolor\hycolor.sty
Package: hycolor 2020-01-27 v1.10 Color options for hyperref/bookmark (HO)
) (C:\Program Files\MiKTeX\tex/latex/hyperref\nameref.sty
Package: nameref 2023-11-26 v2.56 Cross-referencing by name of section
 (C:\Program Files\MiKTeX\tex/latex/refcount\refcount.sty
Package: refcount 2019/12/15 v3.6 Data extraction from label references (HO)
) (C:\Program Files\MiKTeX\tex/generic/gettitlestring\gettitlestring.sty
Package: gettitlestring 2019/12/15 v1.6 Cleanup title references (HO)
 (C:\Users\noahg\AppData\Roaming\MiKTeX\tex/latex/kvoptions\kvoptions.sty
Package: kvoptions 2022-06-15 v3.15 Key value format for package options (HO)
))
\c@section@level=\count287
) (C:\Program Files\MiKTeX\tex/generic/stringenc\stringenc.sty
Package: stringenc 2019/11/29 v1.12 Convert strings between diff. encodings (HO)
)
\@linkdim=\dimen172
\Hy@linkcounter=\count288
\Hy@pagecounter=\count289
 (C:\Program Files\MiKTeX\tex/latex/hyperref\pd1enc.def
File: pd1enc.def 2024-07-10 v7.01j Hyperref: PDFDocEncoding definition (HO)
Now handling font encoding PD1 ...
... no UTF-8 mapping file for font encoding PD1
) (C:\Program Files\MiKTeX\tex/generic/intcalc\intcalc.sty
Package: intcalc 2019/12/15 v1.3 Expandable calculations with integers (HO)
)
\Hy@SavedSpaceFactor=\count290
 (C:\Program Files\MiKTeX\tex/latex/hyperref\puenc.def
File: puenc.def 2024-07-10 v7.01j Hyperref: PDF Unicode definition (HO)
Now handling font encoding PU ...
... no UTF-8 mapping file for font encoding PU
)
Package hyperref Info: Hyper figures OFF on input line 4157.
Package hyperref Info: Link nesting OFF on input line 4162.
Package hyperref Info: Hyper index ON on input line 4165.
Package hyperref Info: Plain pages OFF on input line 4172.
Package hyperref Info: Backreferencing OFF on input line 4177.
Package hyperref Info: Implicit mode ON; LaTeX internals redefined.
Package hyperref Info: Bookmarks ON on input line 4424.
\c@Hy@tempcnt=\count291
 (C:\Program Files\MiKTeX\tex/latex/url\url.sty
\Urlmuskip=\muskip17
Package: url 2013/09/16  ver 3.4  Verb mode for urls, etc.
)
LaTeX Info: Redefining \url on input line 4763.
\XeTeXLinkMargin=\dimen173
 (C:\Program Files\MiKTeX\tex/generic/bitset\bitset.sty
Package: bitset 2019/12/09 v1.3 Handle bit-vector datatype (HO)
 (C:\Program Files\MiKTeX\tex/generic/bigintcalc\bigintcalc.sty
Package: bigintcalc 2019/12/15 v1.5 Expandable calculations on big integers (HO)
))
\Fld@menulength=\count292
\Field@Width=\dimen174
\Fld@charsize=\dimen175
Package hyperref Info: Hyper figures OFF on input line 6042.
Package hyperref Info: Link nesting OFF on input line 6047.
Package hyperref Info: Hyper index ON on input line 6050.
Package hyperref Info: backreferencing OFF on input line 6057.
Package hyperref Info: Link coloring OFF on input line 6062.
Package hyperref Info: Link coloring with OCG OFF on input line 6067.
Package hyperref Info: PDF/A mode OFF on input line 6072.
 (C:\Program Files\MiKTeX\tex/latex/base\atbegshi-ltx.sty
Package: atbegshi-ltx 2021/01/10 v1.0c Emulation of the original atbegshi
package with kernel methods
)
\Hy@abspage=\count293
\c@Item=\count294
\c@Hfootnote=\count295
)
Package hyperref Info: Driver (autodetected): hpdftex.
 (C:\Program Files\MiKTeX\tex/latex/hyperref\hpdftex.def
File: hpdftex.def 2024-07-10 v7.01j Hyperref driver for pdfTeX
 (C:\Program Files\MiKTeX\tex/latex/base\atveryend-ltx.sty
Package: atveryend-ltx 2020/08/19 v1.0a Emulation of the original atveryend package
with kernel methods
)
\Fld@listcount=\count296
\c@bookmark@seq@number=\count297
 (C:\Program Files\MiKTeX\tex/latex/rerunfilecheck\rerunfilecheck.sty
Package: rerunfilecheck 2022-07-10 v1.10 Rerun checks for auxiliary files (HO)
 (C:\Program Files\MiKTeX\tex/generic/uniquecounter\uniquecounter.sty
Package: uniquecounter 2019/12/15 v1.4 Provide unlimited unique counter (HO)
)
Package uniquecounter Info: New unique counter `rerunfilecheck' on input line 285.
)
\Hy@SectionHShift=\skip71
) (C:\Program Files\MiKTeX\tex/latex/amsmath\amsmath.sty
Package: amsmath 2024/05/23 v2.17q AMS math features
\@mathmargin=\skip72

For additional information on amsmath, use the `?' option.
(C:\Program Files\MiKTeX\tex/latex/amsmath\amstext.sty
Package: amstext 2021/08/26 v2.01 AMS text
 (C:\Program Files\MiKTeX\tex/latex/amsmath\amsgen.sty
File: amsgen.sty 1999/11/30 v2.0 generic functions
\@emptytoks=\toks23
\ex@=\dimen176
)) (C:\Program Files\MiKTeX\tex/latex/amsmath\amsbsy.sty
Package: amsbsy 1999/11/29 v1.2d Bold Symbols
\pmbraise@=\dimen177
) (C:\Program Files\MiKTeX\tex/latex/amsmath\amsopn.sty
Package: amsopn 2022/04/08 v2.04 operator names
)
\inf@bad=\count298
LaTeX Info: Redefining \frac on input line 233.
\uproot@=\count299
\leftroot@=\count300
LaTeX Info: Redefining \overline on input line 398.
LaTeX Info: Redefining \colon on input line 409.
\classnum@=\count301
\DOTSCASE@=\count302
LaTeX Info: Redefining \ldots on input line 495.
LaTeX Info: Redefining \dots on input line 498.
LaTeX Info: Redefining \cdots on input line 619.
\Mathstrutbox@=\box68
\strutbox@=\box69
LaTeX Info: Redefining \big on input line 721.
LaTeX Info: Redefining \Big on input line 722.
LaTeX Info: Redefining \bigg on input line 723.
LaTeX Info: Redefining \Bigg on input line 724.
\big@size=\dimen178
LaTeX Font Info:    Redeclaring font encoding OML on input line 742.
LaTeX Font Info:    Redeclaring font encoding OMS on input line 743.
\macc@depth=\count303
LaTeX Info: Redefining \bmod on input line 904.
LaTeX Info: Redefining \pmod on input line 909.
LaTeX Info: Redefining \smash on input line 939.
LaTeX Info: Redefining \relbar on input line 969.
LaTeX Info: Redefining \Relbar on input line 970.
\c@MaxMatrixCols=\count304
\dotsspace@=\muskip18
\c@parentequation=\count305
\dspbrk@lvl=\count306
\tag@help=\toks24
\row@=\count307
\column@=\count308
\maxfields@=\count309
\andhelp@=\toks25
\eqnshift@=\dimen179
\alignsep@=\dimen180
\tagshift@=\dimen181
\tagwidth@=\dimen182
\totwidth@=\dimen183
\lineht@=\dimen184
\@envbody=\toks26
\multlinegap=\skip73
\multlinetaggap=\skip74
\mathdisplay@stack=\toks27
LaTeX Info: Redefining \[ on input line 2953.
LaTeX Info: Redefining \] on input line 2954.
) (C:\Program Files\MiKTeX\tex/latex/amsfonts\amsfonts.sty
Package: amsfonts 2013/01/14 v3.01 Basic AMSFonts support
\symAMSa=\mathgroup4
\symAMSb=\mathgroup5
LaTeX Font Info:    Redeclaring math symbol \hbar on input line 98.
LaTeX Font Info:    Overwriting math alphabet `\mathfrak' in version `bold'
(Font)                  U/euf/m/n --> U/euf/b/n on input line 106.
) (C:\Program Files\MiKTeX\tex/latex/amsfonts\amssymb.sty
Package: amssymb 2013/01/14 v3.01 AMS font symbols
) (C:\Program Files\MiKTeX\tex/latex/amscls\amsthm.sty
Package: amsthm 2020/05/29 v2.20.6
\thm@style=\toks28
\thm@bodyfont=\toks29
\thm@headfont=\toks30
\thm@notefont=\toks31
\thm@headpunct=\toks32
\thm@preskip=\skip75
\thm@postskip=\skip76
\thm@headsep=\skip77
\dth@everypar=\toks33
)
Class scrreprt Info: amsthm's \deferred@thm@head patched.
 (C:\Program Files\MiKTeX\tex/latex/csquotes\csquotes.sty
Package: csquotes 2024-04-04 v5.2o context-sensitive quotations (JAW)
\csq@reset=\count310
\csq@gtype=\count311
\csq@glevel=\count312
\csq@qlevel=\count313
\csq@maxlvl=\count314
\csq@tshold=\count315
\csq@ltx@everypar=\toks34
 (C:\Program Files\MiKTeX\tex/latex/csquotes\csquotes.def
File: csquotes.def 2024-04-04 v5.2o csquotes generic definitions (JAW)
)
Package csquotes Info: Trying to load configuration file 'csquotes.cfg'...
Package csquotes Info: ... configuration file loaded successfully.
 (C:\Program Files\MiKTeX\tex/latex/csquotes\csquotes.cfg
File: csquotes.cfg 
)) (C:\Program Files\MiKTeX\tex/latex/listofsymbols\listofsymbols.sty
Package: listofsymbols 
 (C:\Program Files\MiKTeX\tex/latex/tools\calc.sty
Package: calc 2023/07/08 v4.3 Infix arithmetic (KKT,FJ)
\calc@Acount=\count316
\calc@Bcount=\count317
\calc@Adimen=\dimen185
\calc@Bdimen=\dimen186
\calc@Askip=\skip78
\calc@Bskip=\skip79
LaTeX Info: Redefining \setlength on input line 80.
LaTeX Info: Redefining \addtolength on input line 81.
\calc@Ccount=\count318
\calc@Cskip=\skip80
)
\symindent=\skip81
\symwidth=\skip82
\sympagenowidth=\skip83
 (C:\Program Files\MiKTeX\tex/latex/tools\xspace.sty
Package: xspace 2014/10/28 v1.13 Space after command names (DPC,MH)
)
\old@parskip=\skip84
\old@parindent=\skip85
) (C:\Program Files\MiKTeX\tex/latex/biblatex\biblatex.sty
Package: biblatex 2024/03/21 v3.20 programmable bibliographies (PK/MW)
 (C:\Program Files\MiKTeX\tex/latex/logreq\logreq.sty
Package: logreq 2010/08/04 v1.0 xml request logger
\lrq@indent=\count319
 (C:\Program Files\MiKTeX\tex/latex/logreq\logreq.def
File: logreq.def 2010/08/04 v1.0 logreq spec v1.0
))
\c@tabx@nest=\count320
\c@listtotal=\count321
\c@listcount=\count322
\c@liststart=\count323
\c@liststop=\count324
\c@citecount=\count325
\c@citetotal=\count326
\c@multicitecount=\count327
\c@multicitetotal=\count328
\c@instcount=\count329
\c@maxnames=\count330
\c@minnames=\count331
\c@maxitems=\count332
\c@minitems=\count333
\c@citecounter=\count334
\c@maxcitecounter=\count335
\c@savedcitecounter=\count336
\c@uniquelist=\count337
\c@uniquename=\count338
\c@refsection=\count339
\c@refsegment=\count340
\c@maxextratitle=\count341
\c@maxextratitleyear=\count342
\c@maxextraname=\count343
\c@maxextradate=\count344
\c@maxextraalpha=\count345
\c@abbrvpenalty=\count346
\c@highnamepenalty=\count347
\c@lownamepenalty=\count348
\c@maxparens=\count349
\c@parenlevel=\count350
\blx@tempcnta=\count351
\blx@tempcntb=\count352
\blx@tempcntc=\count353
\c@blx@maxsection=\count354
\blx@maxsegment@0=\count355
\blx@notetype=\count356
\blx@parenlevel@text=\count357
\blx@parenlevel@foot=\count358
\blx@sectionciteorder@0=\count359
\blx@sectionciteorderinternal@0=\count360
\blx@entrysetcounter=\count361
\blx@biblioinstance=\count362
\labelnumberwidth=\skip86
\labelalphawidth=\skip87
\biblabelsep=\skip88
\bibitemsep=\skip89
\bibnamesep=\skip90
\bibinitsep=\skip91
\bibparsep=\skip92
\bibhang=\skip93
\blx@bcfin=\read3
\blx@bcfout=\write3
\blx@langwohyphens=\language80
\c@mincomprange=\count363
\c@maxcomprange=\count364
\c@mincompwidth=\count365
Package biblatex Info: Trying to load biblatex default data model...
Package biblatex Info: ... file 'blx-dm.def' found.
 (C:\Program Files\MiKTeX\tex/latex/biblatex\blx-dm.def
File: blx-dm.def 2024/03/21 v3.20 biblatex datamodel (PK/MW)
)
Package biblatex Info: Trying to load biblatex style data model...
Package biblatex Info: ... file 'numeric.dbx' not found.
Package biblatex Info: Trying to load biblatex custom data model...
Package biblatex Info: ... file 'biblatex-dm.cfg' not found.
\c@afterword=\count366
\c@savedafterword=\count367
\c@annotator=\count368
\c@savedannotator=\count369
\c@author=\count370
\c@savedauthor=\count371
\c@bookauthor=\count372
\c@savedbookauthor=\count373
\c@commentator=\count374
\c@savedcommentator=\count375
\c@editor=\count376
\c@savededitor=\count377
\c@editora=\count378
\c@savededitora=\count379
\c@editorb=\count380
\c@savededitorb=\count381
\c@editorc=\count382
\c@savededitorc=\count383
\c@foreword=\count384
\c@savedforeword=\count385
\c@holder=\count386
\c@savedholder=\count387
\c@introduction=\count388
\c@savedintroduction=\count389
\c@namea=\count390
\c@savednamea=\count391
\c@nameb=\count392
\c@savednameb=\count393
\c@namec=\count394
\c@savednamec=\count395
\c@translator=\count396
\c@savedtranslator=\count397
\c@shortauthor=\count398
\c@savedshortauthor=\count399
\c@shorteditor=\count400
\c@savedshorteditor=\count401
\c@labelname=\count402
\c@savedlabelname=\count403
\c@institution=\count404
\c@savedinstitution=\count405
\c@lista=\count406
\c@savedlista=\count407
\c@listb=\count408
\c@savedlistb=\count409
\c@listc=\count410
\c@savedlistc=\count411
\c@listd=\count412
\c@savedlistd=\count413
\c@liste=\count414
\c@savedliste=\count415
\c@listf=\count416
\c@savedlistf=\count417
\c@location=\count418
\c@savedlocation=\count419
\c@organization=\count420
\c@savedorganization=\count421
\c@origlocation=\count422
\c@savedoriglocation=\count423
\c@origpublisher=\count424
\c@savedorigpublisher=\count425
\c@publisher=\count426
\c@savedpublisher=\count427
\c@language=\count428
\c@savedlanguage=\count429
\c@origlanguage=\count430
\c@savedoriglanguage=\count431
\c@pageref=\count432
\c@savedpageref=\count433
\shorthandwidth=\skip94
\shortjournalwidth=\skip95
\shortserieswidth=\skip96
\shorttitlewidth=\skip97
\shortauthorwidth=\skip98
\shorteditorwidth=\skip99
\locallabelnumberwidth=\skip100
\locallabelalphawidth=\skip101
\localshorthandwidth=\skip102
\localshortjournalwidth=\skip103
\localshortserieswidth=\skip104
\localshorttitlewidth=\skip105
\localshortauthorwidth=\skip106
\localshorteditorwidth=\skip107
Package biblatex Info: Trying to load compatibility code...
Package biblatex Info: ... file 'blx-compat.def' found.
 (C:\Program Files\MiKTeX\tex/latex/biblatex\blx-compat.def
File: blx-compat.def 2024/03/21 v3.20 biblatex compatibility (PK/MW)
)
Package biblatex Info: Trying to load generic definitions...
Package biblatex Info: ... file 'biblatex.def' found.
 (C:\Program Files\MiKTeX\tex/latex/biblatex\biblatex.def
File: biblatex.def 2024/03/21 v3.20 biblatex compatibility (PK/MW)
\c@textcitecount=\count434
\c@textcitetotal=\count435
\c@textcitemaxnames=\count436
\c@biburlbigbreakpenalty=\count437
\c@biburlbreakpenalty=\count438
\c@biburlnumpenalty=\count439
\c@biburlucpenalty=\count440
\c@biburllcpenalty=\count441
\biburlbigskip=\muskip19
\biburlnumskip=\muskip20
\biburlucskip=\muskip21
\biburllcskip=\muskip22
\c@smartand=\count442
)
Package biblatex Info: Trying to load bibliography style 'numeric'...
Package biblatex Info: ... file 'numeric.bbx' found.
 (C:\Program Files\MiKTeX\tex/latex/biblatex/bbx\numeric.bbx
File: numeric.bbx 2024/03/21 v3.20 biblatex bibliography style (PK/MW)
Package biblatex Info: Trying to load bibliography style 'standard'...
Package biblatex Info: ... file 'standard.bbx' found.
 (C:\Program Files\MiKTeX\tex/latex/biblatex/bbx\standard.bbx
File: standard.bbx 2024/03/21 v3.20 biblatex bibliography style (PK/MW)
\c@bbx:relatedcount=\count443
\c@bbx:relatedtotal=\count444
))
Package biblatex Info: Trying to load citation style 'numeric'...
Package biblatex Info: ... file 'numeric.cbx' found.
 (C:\Program Files\MiKTeX\tex/latex/biblatex/cbx\numeric.cbx
File: numeric.cbx 2024/03/21 v3.20 biblatex citation style (PK/MW)
Package biblatex Info: Redefining '\cite'.
Package biblatex Info: Redefining '\parencite'.
Package biblatex Info: Redefining '\footcite'.
Package biblatex Info: Redefining '\footcitetext'.
Package biblatex Info: Redefining '\smartcite'.
Package biblatex Info: Redefining '\supercite'.
Package biblatex Info: Redefining '\textcite'.
Package biblatex Info: Redefining '\textcites'.
Package biblatex Info: Redefining '\cites'.
Package biblatex Info: Redefining '\parencites'.
Package biblatex Info: Redefining '\smartcites'.
)
Package biblatex Info: Trying to load configuration file...
Package biblatex Info: ... file 'biblatex.cfg' found.
 (C:\Program Files\MiKTeX\tex/latex/biblatex\biblatex.cfg
File: biblatex.cfg 
)
Package biblatex Info: Input encoding 'utf8' detected.
Package biblatex Info: Document encoding is UTF8 ....
Package biblatex Info: ... and expl3
(biblatex)             2024-07-20 L3 programming layer (loader) 
(biblatex)             is new enough (at least 2020/04/06),
(biblatex)             setting 'casechanger=expl3'.
 (C:\Program Files\MiKTeX\tex/latex/biblatex\blx-case-expl3.sty
Package: blx-case-expl3 2024/03/21 v3.20 expl3 case changing code for biblatex
))
\@sym=\write4
\openout4 = `Ausarbeitung.sym'.

\@sub=\write5
\openout5 = `Ausarbeitung.sub'.

\c@theorem=\count445
 (C:\Program Files\MiKTeX\tex/latex/graphics\graphicx.sty
Package: graphicx 2021/09/16 v1.2d Enhanced LaTeX Graphics (DPC,SPQR)
 (C:\Program Files\MiKTeX\tex/latex/graphics\graphics.sty
Package: graphics 2024/05/23 v1.4g Standard LaTeX Graphics (DPC,SPQR)
 (C:\Program Files\MiKTeX\tex/latex/graphics\trig.sty
Package: trig 2023/12/02 v1.11 sin cos tan (DPC)
) (C:\Program Files\MiKTeX\tex/latex/graphics-cfg\graphics.cfg
File: graphics.cfg 2016/06/04 v1.11 sample graphics configuration
)
Package graphics Info: Driver file: pdftex.def on input line 106.
 (C:\Program Files\MiKTeX\tex/latex/graphics-def\pdftex.def
File: pdftex.def 2024/04/13 v1.2c Graphics/color driver for pdftex
))
\Gin@req@height=\dimen187
\Gin@req@width=\dimen188
) (C:\Program Files\MiKTeX\tex/latex/tudscr\tudscrcolor.sty
Package: tudscrcolor 2022/08/09 v2.06o TUD-Script package (corporate design colors)
 (C:\Program Files\MiKTeX\tex/latex/xcolor\xcolor.sty
Package: xcolor 2023/11/15 v3.01 LaTeX color extensions (UK)
 (C:\Program Files\MiKTeX\tex/latex/graphics-cfg\color.cfg
File: color.cfg 2016/01/02 v1.6 sample color configuration
)
Package xcolor Info: Driver file: pdftex.def on input line 274.
 (C:\Program Files\MiKTeX\tex/latex/graphics\mathcolor.ltx)
Package xcolor Info: Model `cmy' substituted by `cmy0' on input line 1350.
Package xcolor Info: Model `hsb' substituted by `rgb' on input line 1354.
Package xcolor Info: Model `RGB' extended on input line 1366.
Package xcolor Info: Model `HTML' substituted by `rgb' on input line 1368.
Package xcolor Info: Model `Hsb' substituted by `hsb' on input line 1369.
Package xcolor Info: Model `tHsb' substituted by `hsb' on input line 1370.
Package xcolor Info: Model `HSB' substituted by `hsb' on input line 1371.
Package xcolor Info: Model `Gray' substituted by `gray' on input line 1372.
Package xcolor Info: Model `wave' substituted by `hsb' on input line 1373.
)) (C:\Users\noahg\AppData\Roaming\MiKTeX\tex/latex/iwona\omliwona.fd
File: omliwona.fd 2008/07/22 v0.995 font definition file for OML/iwona (MW)
) (C:\Users\noahg\AppData\Roaming\MiKTeX\tex/latex/iwona\omsiwona.fd
File: omsiwona.fd 2008/07/22 v0.995 font definition file for OMS/iwona (MW)
)
LaTeX Info: Redefining \textcdln on input line 44.
LaTeX Info: Redefining \textcdrn on input line 44.
LaTeX Info: Redefining \textcdsn on input line 44.
LaTeX Info: Redefining \textcdbn on input line 44.
LaTeX Info: Redefining \textcdxn on input line 44.
LaTeX Info: Redefining \textcdli on input line 44.
LaTeX Info: Redefining \textcdri on input line 44.
LaTeX Info: Redefining \textcdsi on input line 44.
LaTeX Info: Redefining \textcdbi on input line 44.
LaTeX Info: Redefining \textcdxi on input line 44.
LaTeX Font Info:    Setting tudtt sub-encoding to TS1/4 on input line 44.
LaTeX Font Info:    Trying to load font information for T1+opensans-TLF on input line 44.
 (C:\Users\noahg\AppData\Roaming\MiKTeX\tex/latex/opensans\t1opensans-tlf.fd
File: T1opensans-TLF.fd 2019/06/24 Font definitions for T1/opensans-TLF.
) (C:\Users\noahg\AppData\Roaming\MiKTeX\tex/latex/mathastext\mathastext.sty
Package: mathastext 2024/07/27 v1.4b Use the text font in math mode (JFB)

Package mathastext Info: Starting the math mode configuration.
\mst@exists@muskip=\muskip23
\mst@forall@muskip=\muskip24
\mst@prime@muskip=\muskip25
\mst@do@nonletters=\toks35
\mst@undo@nonletters=\toks36
\mst@do@easynonletters=\toks37
\mst@undo@easynonletters=\toks38
\symmtoperatorfont=\mathgroup6
\symmtletterfont=\mathgroup7
(   mathastext:   ) ! and ?
(   mathastext:   ) punctuation: , . : ; and \colon
LaTeX Info: Redefining \rightarrowfill on input line 1202.
LaTeX Info: Redefining \leftarrowfill on input line 1205.
(   mathastext:   ) + and =
(   mathastext:   ) parentheses ( ) [ ] and slash /
(   mathastext:   ) alldelims: < > \backslash \setminus | \vert \mid \{ \}
LaTeX Font Info:    Redeclaring math symbol \setminus on input line 1364.
LaTeX Info: Redefining \models on input line 1383.
(   mathastext:   ) \# \mathdollar \% \& 
(   mathastext:   ) \imath and \jmath 
LaTeX Font Info:    Overwriting math alphabet `\Mathnormalbold' in version `normal'
(Font)                  T1/opensans-TLF/m/n --> T1/opensans-TLF/m/n on input line 2863.
LaTeX Font Info:    Overwriting math alphabet `\Mathnormalbold' in version `bold'
(Font)                  T1/opensans-TLF/m/n --> T1/opensans-TLF/m/n on input line 2863.
(   mathastext:   ) \hbar
(   mathastext:   ) minus as endash
(   mathastext:   ) Subdued `normal' and `bold' math versions.

Package mathastext Info: Loading is complete.  You can now use \Mathastext to
(mathastext)             modify the normal and bold math versions.  Use it
(mathastext)             with optional argument or use \MTDeclareVersion to
(mathastext)             declare additional math versions.
)
Now handling font encoding LGR ...
... processing UTF-8 mapping file for font encoding LGR
 (C:\Users\noahg\AppData\Roaming\MiKTeX\tex/latex/greek-inputenc\lgrenc.dfu
File: lgrenc.dfu 2023-03-21 1.9 UTF-8 support for Greek
   defining Unicode char U+00A8 (decimal 168)
   defining Unicode char U+00AB (decimal 171)
   defining Unicode char U+00AF (decimal 175)
   defining Unicode char U+00B4 (decimal 180)
   defining Unicode char U+00B7 (decimal 183)
   defining Unicode char U+00BB (decimal 187)
   defining Unicode char U+0259 (decimal 601)
   defining Unicode char U+02D8 (decimal 728)
   defining Unicode char U+0374 (decimal 884)
   defining Unicode char U+0375 (decimal 885)
   defining Unicode char U+037A (decimal 890)
   defining Unicode char U+037E (decimal 894)
   defining Unicode char U+0384 (decimal 900)
   defining Unicode char U+0385 (decimal 901)
   defining Unicode char U+0386 (decimal 902)
   defining Unicode char U+0387 (decimal 903)
   defining Unicode char U+0388 (decimal 904)
   defining Unicode char U+0389 (decimal 905)
   defining Unicode char U+038A (decimal 906)
   defining Unicode char U+038C (decimal 908)
   defining Unicode char U+038E (decimal 910)
   defining Unicode char U+038F (decimal 911)
   defining Unicode char U+0390 (decimal 912)
   defining Unicode char U+0391 (decimal 913)
   defining Unicode char U+0392 (decimal 914)
   defining Unicode char U+0393 (decimal 915)
   defining Unicode char U+0394 (decimal 916)
   defining Unicode char U+0395 (decimal 917)
   defining Unicode char U+0396 (decimal 918)
   defining Unicode char U+0397 (decimal 919)
   defining Unicode char U+0398 (decimal 920)
   defining Unicode char U+0399 (decimal 921)
   defining Unicode char U+039A (decimal 922)
   defining Unicode char U+039B (decimal 923)
   defining Unicode char U+039C (decimal 924)
   defining Unicode char U+039D (decimal 925)
   defining Unicode char U+039E (decimal 926)
   defining Unicode char U+039F (decimal 927)
   defining Unicode char U+03A0 (decimal 928)
   defining Unicode char U+03A1 (decimal 929)
   defining Unicode char U+03A3 (decimal 931)
   defining Unicode char U+03A4 (decimal 932)
   defining Unicode char U+03A5 (decimal 933)
   defining Unicode char U+03A6 (decimal 934)
   defining Unicode char U+03A7 (decimal 935)
   defining Unicode char U+03A8 (decimal 936)
   defining Unicode char U+03A9 (decimal 937)
   defining Unicode char U+03AA (decimal 938)
   defining Unicode char U+03AB (decimal 939)
   defining Unicode char U+03AC (decimal 940)
   defining Unicode char U+03AD (decimal 941)
   defining Unicode char U+03AE (decimal 942)
   defining Unicode char U+03AF (decimal 943)
   defining Unicode char U+03B0 (decimal 944)
   defining Unicode char U+03B1 (decimal 945)
   defining Unicode char U+03B2 (decimal 946)
   defining Unicode char U+03B3 (decimal 947)
   defining Unicode char U+03B4 (decimal 948)
   defining Unicode char U+03B5 (decimal 949)
   defining Unicode char U+03B6 (decimal 950)
   defining Unicode char U+03B7 (decimal 951)
   defining Unicode char U+03B8 (decimal 952)
   defining Unicode char U+03B9 (decimal 953)
   defining Unicode char U+03BA (decimal 954)
   defining Unicode char U+03BB (decimal 955)
   defining Unicode char U+03BC (decimal 956)
   defining Unicode char U+03BD (decimal 957)
   defining Unicode char U+03BE (decimal 958)
   defining Unicode char U+03BF (decimal 959)
   defining Unicode char U+03C0 (decimal 960)
   defining Unicode char U+03C1 (decimal 961)
   defining Unicode char U+03C2 (decimal 962)
   defining Unicode char U+03C3 (decimal 963)
   defining Unicode char U+03C4 (decimal 964)
   defining Unicode char U+03C5 (decimal 965)
   defining Unicode char U+03C6 (decimal 966)
   defining Unicode char U+03C7 (decimal 967)
   defining Unicode char U+03C8 (decimal 968)
   defining Unicode char U+03C9 (decimal 969)
   defining Unicode char U+03CA (decimal 970)
   defining Unicode char U+03CB (decimal 971)
   defining Unicode char U+03CC (decimal 972)
   defining Unicode char U+03CD (decimal 973)
   defining Unicode char U+03CE (decimal 974)
   defining Unicode char U+03D0 (decimal 976)
   defining Unicode char U+03D1 (decimal 977)
   defining Unicode char U+03D5 (decimal 981)
   defining Unicode char U+03D6 (decimal 982)
   defining Unicode char U+03D8 (decimal 984)
   defining Unicode char U+03D9 (decimal 985)
   defining Unicode char U+03DA (decimal 986)
   defining Unicode char U+03DB (decimal 987)
   defining Unicode char U+03DC (decimal 988)
   defining Unicode char U+03DD (decimal 989)
   defining Unicode char U+03DE (decimal 990)
   defining Unicode char U+03DF (decimal 991)
   defining Unicode char U+03E0 (decimal 992)
   defining Unicode char U+03E1 (decimal 993)
   defining Unicode char U+03F0 (decimal 1008)
   defining Unicode char U+03F1 (decimal 1009)
   defining Unicode char U+03F4 (decimal 1012)
   defining Unicode char U+03F5 (decimal 1013)
   defining Unicode char U+1F00 (decimal 7936)
   defining Unicode char U+1F01 (decimal 7937)
   defining Unicode char U+1F02 (decimal 7938)
   defining Unicode char U+1F03 (decimal 7939)
   defining Unicode char U+1F04 (decimal 7940)
   defining Unicode char U+1F05 (decimal 7941)
   defining Unicode char U+1F06 (decimal 7942)
   defining Unicode char U+1F07 (decimal 7943)
   defining Unicode char U+1F08 (decimal 7944)
   defining Unicode char U+1F09 (decimal 7945)
   defining Unicode char U+1F0A (decimal 7946)
   defining Unicode char U+1F0B (decimal 7947)
   defining Unicode char U+1F0C (decimal 7948)
   defining Unicode char U+1F0D (decimal 7949)
   defining Unicode char U+1F0E (decimal 7950)
   defining Unicode char U+1F0F (decimal 7951)
   defining Unicode char U+1F10 (decimal 7952)
   defining Unicode char U+1F11 (decimal 7953)
   defining Unicode char U+1F12 (decimal 7954)
   defining Unicode char U+1F13 (decimal 7955)
   defining Unicode char U+1F14 (decimal 7956)
   defining Unicode char U+1F15 (decimal 7957)
   defining Unicode char U+1F18 (decimal 7960)
   defining Unicode char U+1F19 (decimal 7961)
   defining Unicode char U+1F1A (decimal 7962)
   defining Unicode char U+1F1B (decimal 7963)
   defining Unicode char U+1F1C (decimal 7964)
   defining Unicode char U+1F1D (decimal 7965)
   defining Unicode char U+1F20 (decimal 7968)
   defining Unicode char U+1F21 (decimal 7969)
   defining Unicode char U+1F22 (decimal 7970)
   defining Unicode char U+1F23 (decimal 7971)
   defining Unicode char U+1F24 (decimal 7972)
   defining Unicode char U+1F25 (decimal 7973)
   defining Unicode char U+1F26 (decimal 7974)
   defining Unicode char U+1F27 (decimal 7975)
   defining Unicode char U+1F28 (decimal 7976)
   defining Unicode char U+1F29 (decimal 7977)
   defining Unicode char U+1F2A (decimal 7978)
   defining Unicode char U+1F2B (decimal 7979)
   defining Unicode char U+1F2C (decimal 7980)
   defining Unicode char U+1F2D (decimal 7981)
   defining Unicode char U+1F2E (decimal 7982)
   defining Unicode char U+1F2F (decimal 7983)
   defining Unicode char U+1F30 (decimal 7984)
   defining Unicode char U+1F31 (decimal 7985)
   defining Unicode char U+1F32 (decimal 7986)
   defining Unicode char U+1F33 (decimal 7987)
   defining Unicode char U+1F34 (decimal 7988)
   defining Unicode char U+1F35 (decimal 7989)
   defining Unicode char U+1F36 (decimal 7990)
   defining Unicode char U+1F37 (decimal 7991)
   defining Unicode char U+1F38 (decimal 7992)
   defining Unicode char U+1F39 (decimal 7993)
   defining Unicode char U+1F3A (decimal 7994)
   defining Unicode char U+1F3B (decimal 7995)
   defining Unicode char U+1F3C (decimal 7996)
   defining Unicode char U+1F3D (decimal 7997)
   defining Unicode char U+1F3E (decimal 7998)
   defining Unicode char U+1F3F (decimal 7999)
   defining Unicode char U+1F40 (decimal 8000)
   defining Unicode char U+1F41 (decimal 8001)
   defining Unicode char U+1F42 (decimal 8002)
   defining Unicode char U+1F43 (decimal 8003)
   defining Unicode char U+1F44 (decimal 8004)
   defining Unicode char U+1F45 (decimal 8005)
   defining Unicode char U+1F48 (decimal 8008)
   defining Unicode char U+1F49 (decimal 8009)
   defining Unicode char U+1F4A (decimal 8010)
   defining Unicode char U+1F4B (decimal 8011)
   defining Unicode char U+1F4C (decimal 8012)
   defining Unicode char U+1F4D (decimal 8013)
   defining Unicode char U+1F50 (decimal 8016)
   defining Unicode char U+1F51 (decimal 8017)
   defining Unicode char U+1F52 (decimal 8018)
   defining Unicode char U+1F53 (decimal 8019)
   defining Unicode char U+1F54 (decimal 8020)
   defining Unicode char U+1F55 (decimal 8021)
   defining Unicode char U+1F56 (decimal 8022)
   defining Unicode char U+1F57 (decimal 8023)
   defining Unicode char U+1F59 (decimal 8025)
   defining Unicode char U+1F5B (decimal 8027)
   defining Unicode char U+1F5D (decimal 8029)
   defining Unicode char U+1F5F (decimal 8031)
   defining Unicode char U+1F60 (decimal 8032)
   defining Unicode char U+1F61 (decimal 8033)
   defining Unicode char U+1F62 (decimal 8034)
   defining Unicode char U+1F63 (decimal 8035)
   defining Unicode char U+1F64 (decimal 8036)
   defining Unicode char U+1F65 (decimal 8037)
   defining Unicode char U+1F66 (decimal 8038)
   defining Unicode char U+1F67 (decimal 8039)
   defining Unicode char U+1F68 (decimal 8040)
   defining Unicode char U+1F69 (decimal 8041)
   defining Unicode char U+1F6A (decimal 8042)
   defining Unicode char U+1F6B (decimal 8043)
   defining Unicode char U+1F6C (decimal 8044)
   defining Unicode char U+1F6D (decimal 8045)
   defining Unicode char U+1F6E (decimal 8046)
   defining Unicode char U+1F6F (decimal 8047)
   defining Unicode char U+1F70 (decimal 8048)
   defining Unicode char U+1F71 (decimal 8049)
   defining Unicode char U+1F72 (decimal 8050)
   defining Unicode char U+1F73 (decimal 8051)
   defining Unicode char U+1F74 (decimal 8052)
   defining Unicode char U+1F75 (decimal 8053)
   defining Unicode char U+1F76 (decimal 8054)
   defining Unicode char U+1F77 (decimal 8055)
   defining Unicode char U+1F78 (decimal 8056)
   defining Unicode char U+1F79 (decimal 8057)
   defining Unicode char U+1F7A (decimal 8058)
   defining Unicode char U+1F7B (decimal 8059)
   defining Unicode char U+1F7C (decimal 8060)
   defining Unicode char U+1F7D (decimal 8061)
   defining Unicode char U+1F80 (decimal 8064)
   defining Unicode char U+1F81 (decimal 8065)
   defining Unicode char U+1F82 (decimal 8066)
   defining Unicode char U+1F83 (decimal 8067)
   defining Unicode char U+1F84 (decimal 8068)
   defining Unicode char U+1F85 (decimal 8069)
   defining Unicode char U+1F86 (decimal 8070)
   defining Unicode char U+1F87 (decimal 8071)
   defining Unicode char U+1F88 (decimal 8072)
   defining Unicode char U+1F89 (decimal 8073)
   defining Unicode char U+1F8A (decimal 8074)
   defining Unicode char U+1F8B (decimal 8075)
   defining Unicode char U+1F8C (decimal 8076)
   defining Unicode char U+1F8D (decimal 8077)
   defining Unicode char U+1F8E (decimal 8078)
   defining Unicode char U+1F8F (decimal 8079)
   defining Unicode char U+1F90 (decimal 8080)
   defining Unicode char U+1F91 (decimal 8081)
   defining Unicode char U+1F92 (decimal 8082)
   defining Unicode char U+1F93 (decimal 8083)
   defining Unicode char U+1F94 (decimal 8084)
   defining Unicode char U+1F95 (decimal 8085)
   defining Unicode char U+1F96 (decimal 8086)
   defining Unicode char U+1F97 (decimal 8087)
   defining Unicode char U+1F98 (decimal 8088)
   defining Unicode char U+1F99 (decimal 8089)
   defining Unicode char U+1F9A (decimal 8090)
   defining Unicode char U+1F9B (decimal 8091)
   defining Unicode char U+1F9C (decimal 8092)
   defining Unicode char U+1F9D (decimal 8093)
   defining Unicode char U+1F9E (decimal 8094)
   defining Unicode char U+1F9F (decimal 8095)
   defining Unicode char U+1FA0 (decimal 8096)
   defining Unicode char U+1FA1 (decimal 8097)
   defining Unicode char U+1FA2 (decimal 8098)
   defining Unicode char U+1FA3 (decimal 8099)
   defining Unicode char U+1FA4 (decimal 8100)
   defining Unicode char U+1FA5 (decimal 8101)
   defining Unicode char U+1FA6 (decimal 8102)
   defining Unicode char U+1FA7 (decimal 8103)
   defining Unicode char U+1FA8 (decimal 8104)
   defining Unicode char U+1FA9 (decimal 8105)
   defining Unicode char U+1FAA (decimal 8106)
   defining Unicode char U+1FAB (decimal 8107)
   defining Unicode char U+1FAC (decimal 8108)
   defining Unicode char U+1FAD (decimal 8109)
   defining Unicode char U+1FAE (decimal 8110)
   defining Unicode char U+1FAF (decimal 8111)
   defining Unicode char U+1FB0 (decimal 8112)
   defining Unicode char U+1FB1 (decimal 8113)
   defining Unicode char U+1FB2 (decimal 8114)
   defining Unicode char U+1FB3 (decimal 8115)
   defining Unicode char U+1FB4 (decimal 8116)
   defining Unicode char U+1FB6 (decimal 8118)
   defining Unicode char U+1FB7 (decimal 8119)
   defining Unicode char U+1FB8 (decimal 8120)
   defining Unicode char U+1FB9 (decimal 8121)
   defining Unicode char U+1FBA (decimal 8122)
   defining Unicode char U+1FBB (decimal 8123)
   defining Unicode char U+1FBC (decimal 8124)
   defining Unicode char U+1FBD (decimal 8125)
   defining Unicode char U+1FBE (decimal 8126)
   defining Unicode char U+1FBF (decimal 8127)
   defining Unicode char U+1FC0 (decimal 8128)
   defining Unicode char U+1FC1 (decimal 8129)
   defining Unicode char U+1FC2 (decimal 8130)
   defining Unicode char U+1FC3 (decimal 8131)
   defining Unicode char U+1FC4 (decimal 8132)
   defining Unicode char U+1FC6 (decimal 8134)
   defining Unicode char U+1FC7 (decimal 8135)
   defining Unicode char U+1FC8 (decimal 8136)
   defining Unicode char U+1FC9 (decimal 8137)
   defining Unicode char U+1FCA (decimal 8138)
   defining Unicode char U+1FCB (decimal 8139)
   defining Unicode char U+1FCC (decimal 8140)
   defining Unicode char U+1FCD (decimal 8141)
   defining Unicode char U+1FCE (decimal 8142)
   defining Unicode char U+1FCF (decimal 8143)
   defining Unicode char U+1FD0 (decimal 8144)
   defining Unicode char U+1FD1 (decimal 8145)
   defining Unicode char U+1FD2 (decimal 8146)
   defining Unicode char U+1FD3 (decimal 8147)
   defining Unicode char U+1FD6 (decimal 8150)
   defining Unicode char U+1FD7 (decimal 8151)
   defining Unicode char U+1FD8 (decimal 8152)
   defining Unicode char U+1FD9 (decimal 8153)
   defining Unicode char U+1FDA (decimal 8154)
   defining Unicode char U+1FDB (decimal 8155)
   defining Unicode char U+1FDD (decimal 8157)
   defining Unicode char U+1FDE (decimal 8158)
   defining Unicode char U+1FDF (decimal 8159)
   defining Unicode char U+1FE0 (decimal 8160)
   defining Unicode char U+1FE1 (decimal 8161)
   defining Unicode char U+1FE2 (decimal 8162)
   defining Unicode char U+1FE3 (decimal 8163)
   defining Unicode char U+1FE4 (decimal 8164)
   defining Unicode char U+1FE5 (decimal 8165)
   defining Unicode char U+1FE6 (decimal 8166)
   defining Unicode char U+1FE7 (decimal 8167)
   defining Unicode char U+1FE8 (decimal 8168)
   defining Unicode char U+1FE9 (decimal 8169)
   defining Unicode char U+1FEA (decimal 8170)
   defining Unicode char U+1FEB (decimal 8171)
   defining Unicode char U+1FEC (decimal 8172)
   defining Unicode char U+1FED (decimal 8173)
   defining Unicode char U+1FEE (decimal 8174)
   defining Unicode char U+1FEF (decimal 8175)
   defining Unicode char U+1FF2 (decimal 8178)
   defining Unicode char U+1FF3 (decimal 8179)
   defining Unicode char U+1FF4 (decimal 8180)
   defining Unicode char U+1FF6 (decimal 8182)
   defining Unicode char U+1FF7 (decimal 8183)
   defining Unicode char U+1FF8 (decimal 8184)
   defining Unicode char U+1FF9 (decimal 8185)
   defining Unicode char U+1FFA (decimal 8186)
   defining Unicode char U+1FFB (decimal 8187)
   defining Unicode char U+1FFC (decimal 8188)
   defining Unicode char U+1FFD (decimal 8189)
   defining Unicode char U+1FFE (decimal 8190)
   defining Unicode char U+2013 (decimal 8211)
   defining Unicode char U+2014 (decimal 8212)
   defining Unicode char U+2018 (decimal 8216)
   defining Unicode char U+2019 (decimal 8217)
   defining Unicode char U+201A (decimal 8218)
   defining Unicode char U+2030 (decimal 8240)
   defining Unicode char U+2039 (decimal 8249)
   defining Unicode char U+203A (decimal 8250)
   defining Unicode char U+20AC (decimal 8364)
   defining Unicode char U+2126 (decimal 8486)
   defining Unicode char U+10144 (decimal 65860)
   defining Unicode char U+10145 (decimal 65861)
   defining Unicode char U+10146 (decimal 65862)
   defining Unicode char U+10147 (decimal 65863)
)
\symtudupgrk=\mathgroup8
LaTeX Font Info:    Overwriting symbol font `tudupgrk' in version `bold'
(Font)                  LGR/cmr/m/n --> LGR/cmr/bx/n on input line 44.
\symtuditgrk=\mathgroup9
LaTeX Font Info:    Overwriting symbol font `tuditgrk' in version `bold'
(Font)                  LGR/cmr/m/it --> LGR/cmr/bx/it on input line 44.
\c@mv@tudnormal@lm=\count446
LaTeX Font Info:    Overwriting symbol font `mtletterfont' in version `tudnormal@lm'
(Font)                  T1/opensans-TLF/l/n --> T1/opensans-TLF/l/it on input line 44.

Package mathastext Info: Latin letters in math version `tudnormal@lm'
(mathastext)             declared on input line 44
(mathastext)             will use the font T1/opensans-TLF/l/it
(mathastext)             Other characters (digits, ...) and \log-like names
(mathastext)             will be in `n' shape.

LaTeX Font Info:    Overwriting math alphabet `\Mathnormalbold' in version `tudnormal@lm'
(Font)                  T1/opensans-TLF/m/n --> T1/opensans-TLF/m/it on input line 44.
LaTeX Font Info:    Overwriting symbol font `mtoperatorfont' in version `tudnormal@lm'
(Font)                  T1/opensans-TLF/l/n --> T1/opensans-TLF/l/n on input line 44.
LaTeX Font Info:    Overwriting math alphabet `\Mathbf' in version `tudnormal@lm'
(Font)                  T1/opensans-TLF/m/n --> T1/opensans-TLF/m/n on input line 44.
LaTeX Font Info:    Overwriting math alphabet `\Mathit' in version `tudnormal@lm'
(Font)                  T1/opensans-TLF/l/it --> T1/opensans-TLF/l/it on input line 44.
LaTeX Font Info:    Overwriting math alphabet `\Mathsf' in version `tudnormal@lm'
(Font)                  T1/opensans-TLF/l/n --> T1/opensans-TLF/l/n on input line 44.
LaTeX Font Info:    Overwriting math alphabet `\Mathtt' in version `tudnormal@lm'
(Font)                  T1/tudtt/l/n --> T1/tudtt/l/n on input line 44.
\c@mv@tudbold@lm=\count447
LaTeX Font Info:    Overwriting symbol font `mtletterfont' in version `tudbold@lm'
(Font)                  T1/opensans-TLF/l/n --> T1/opensans-TLF/m/it on input line 44.

Package mathastext Info: Latin letters in math version `tudbold@lm'
(mathastext)             declared on input line 44
(mathastext)             will use the font T1/opensans-TLF/m/it
(mathastext)             Other characters (digits, ...) and \log-like names
(mathastext)             will be in `n' shape.

LaTeX Font Info:    Overwriting math alphabet `\Mathnormalbold' in version `tudbold@lm'
(Font)                  T1/opensans-TLF/m/n --> T1/opensans-TLF/m/it on input line 44.
LaTeX Font Info:    Overwriting symbol font `mtoperatorfont' in version `tudbold@lm'
(Font)                  T1/opensans-TLF/l/n --> T1/opensans-TLF/m/n on input line 44.
LaTeX Font Info:    Overwriting math alphabet `\Mathbf' in version `tudbold@lm'
(Font)                  T1/opensans-TLF/m/n --> T1/opensans-TLF/m/n on input line 44.
LaTeX Font Info:    Overwriting math alphabet `\Mathit' in version `tudbold@lm'
(Font)                  T1/opensans-TLF/l/it --> T1/opensans-TLF/m/it on input line 44.
LaTeX Font Info:    Overwriting math alphabet `\Mathsf' in version `tudbold@lm'
(Font)                  T1/opensans-TLF/l/n --> T1/opensans-TLF/m/n on input line 44.
LaTeX Font Info:    Overwriting math alphabet `\Mathtt' in version `tudbold@lm'
(Font)                  T1/tudtt/l/n --> T1/tudtt/m/n on input line 44.
LaTeX Font Info:    Overwriting symbol font `operators' in version `tudnormal@lm'
(Font)                  OT1/cmr/m/n --> OT1/iwona/l/n on input line 44.
LaTeX Font Info:    Overwriting symbol font `operators' in version `tudbold@lm'
(Font)                  OT1/cmr/m/n --> OT1/iwona/m/n on input line 44.
LaTeX Font Info:    Overwriting symbol font `letters' in version `tudnormal@lm'
(Font)                  OML/cmm/m/it --> OML/iwona/l/it on input line 44.
LaTeX Font Info:    Overwriting symbol font `letters' in version `tudbold@lm'
(Font)                  OML/cmm/m/it --> OML/iwona/m/it on input line 44.
LaTeX Font Info:    Overwriting symbol font `symbols' in version `tudnormal@lm'
(Font)                  OMS/cmsy/m/n --> OMS/iwona/l/n on input line 44.
LaTeX Font Info:    Overwriting symbol font `symbols' in version `tudbold@lm'
(Font)                  OMS/cmsy/m/n --> OMS/iwona/m/n on input line 44.
LaTeX Font Info:    Overwriting symbol font `largesymbols' in version `tudnormal@lm'
(Font)                  OMX/cmex/m/n --> OMX/iwona/l/n on input line 44.
LaTeX Font Info:    Overwriting symbol font `largesymbols' in version `tudbold@lm'
(Font)                  OMX/cmex/m/n --> OMX/iwona/m/n on input line 44.
LaTeX Font Info:    Overwriting symbol font `tuditgrk' in version `tudnormal@lm'
(Font)                  LGR/cmr/m/it --> LGR/opensans-TLF/l/it on input line 44.
LaTeX Font Info:    Overwriting symbol font `tuditgrk' in version `tudbold@lm'
(Font)                  LGR/cmr/m/it --> LGR/opensans-TLF/m/it on input line 44.
LaTeX Font Info:    Overwriting symbol font `tudupgrk' in version `tudnormal@lm'
(Font)                  LGR/cmr/m/n --> LGR/opensans-TLF/l/n on input line 44.
LaTeX Font Info:    Overwriting symbol font `tudupgrk' in version `tudbold@lm'
(Font)                  LGR/cmr/m/n --> LGR/opensans-TLF/m/n on input line 44.
LaTeX Font Info:    Overwriting math alphabet `\mathrm' in version `tudnormal@lm'
(Font)                  OT1/iwona/l/n --> T1/opensans-TLF/l/n on input line 44.
LaTeX Font Info:    Overwriting math alphabet `\mathrm' in version `tudbold@lm'
(Font)                  OT1/iwona/m/n --> T1/opensans-TLF/m/n on input line 44.
LaTeX Font Info:    Overwriting math alphabet `\mathbf' in version `tudnormal@lm'
(Font)                  OT1/cmr/bx/n --> T1/opensans-TLF/m/n on input line 44.
LaTeX Font Info:    Overwriting math alphabet `\mathbf' in version `tudbold@lm'
(Font)                  OT1/cmr/bx/n --> T1/opensans-TLF/sb/n on input line 44.
LaTeX Font Info:    Overwriting math alphabet `\mathsf' in version `tudnormal@lm'
(Font)                  OT1/cmss/m/n --> T1/opensans-TLF/l/n on input line 44.
LaTeX Font Info:    Overwriting math alphabet `\mathsf' in version `tudbold@lm'
(Font)                  OT1/cmss/m/n --> T1/opensans-TLF/m/n on input line 44.
LaTeX Font Info:    Overwriting math alphabet `\mathit' in version `tudnormal@lm'
(Font)                  OT1/cmr/m/it --> T1/opensans-TLF/l/it on input line 44.
LaTeX Font Info:    Overwriting math alphabet `\mathit' in version `tudbold@lm'
(Font)                  OT1/cmr/m/it --> T1/opensans-TLF/m/it on input line 44.
LaTeX Font Info:    Overwriting math alphabet `\mathtt' in version `tudnormal@lm'
(Font)                  OT1/cmtt/m/n --> T1/tudtt/l/n on input line 44.
LaTeX Font Info:    Overwriting math alphabet `\mathtt' in version `tudbold@lm'
(Font)                  OT1/cmtt/m/n --> T1/tudtt/m/n on input line 44.
LaTeX Font Info:    Overwriting math alphabet `\mathcal' in version `tudnormal@lm'
(Font)                  OMS/iwona/l/n --> U/eus/m/n on input line 44.
LaTeX Font Info:    Overwriting math alphabet `\mathcal' in version `tudbold@lm'
(Font)                  OMS/iwona/m/n --> U/eus/b/n on input line 44.
LaTeX Font Info:    Overwriting math alphabet `\mathfrak' in version `tudnormal@lm'
(Font)                  U/euf/m/n --> U/euf/m/n on input line 44.
LaTeX Font Info:    Overwriting math alphabet `\mathfrak' in version `tudbold@lm'
(Font)                  U/euf/m/n --> U/euf/b/n on input line 44.
\c@mv@tudnormal@lsb=\count448
LaTeX Font Info:    Overwriting symbol font `mtletterfont' in version `tudnormal@lsb'
(Font)                  T1/opensans-TLF/l/n --> T1/opensans-TLF/l/it on input line 44.

Package mathastext Info: Latin letters in math version `tudnormal@lsb'
(mathastext)             declared on input line 44
(mathastext)             will use the font T1/opensans-TLF/l/it
(mathastext)             Other characters (digits, ...) and \log-like names
(mathastext)             will be in `n' shape.

LaTeX Font Info:    Overwriting math alphabet `\Mathnormalbold' in version `tudnormal@lsb'
(Font)                  T1/opensans-TLF/m/n --> T1/opensans-TLF/m/it on input line 44.
LaTeX Font Info:    Overwriting symbol font `mtoperatorfont' in version `tudnormal@lsb'
(Font)                  T1/opensans-TLF/l/n --> T1/opensans-TLF/l/n on input line 44.
LaTeX Font Info:    Overwriting math alphabet `\Mathbf' in version `tudnormal@lsb'
(Font)                  T1/opensans-TLF/m/n --> T1/opensans-TLF/m/n on input line 44.
LaTeX Font Info:    Overwriting math alphabet `\Mathit' in version `tudnormal@lsb'
(Font)                  T1/opensans-TLF/l/it --> T1/opensans-TLF/l/it on input line 44.
LaTeX Font Info:    Overwriting math alphabet `\Mathsf' in version `tudnormal@lsb'
(Font)                  T1/opensans-TLF/l/n --> T1/opensans-TLF/l/n on input line 44.
LaTeX Font Info:    Overwriting math alphabet `\Mathtt' in version `tudnormal@lsb'
(Font)                  T1/tudtt/l/n --> T1/tudtt/l/n on input line 44.
\c@mv@tudbold@lsb=\count449
LaTeX Font Info:    Overwriting symbol font `mtletterfont' in version `tudbold@lsb'
(Font)                  T1/opensans-TLF/l/n --> T1/opensans-TLF/sb/it on input line 44.

Package mathastext Info: Latin letters in math version `tudbold@lsb'
(mathastext)             declared on input line 44
(mathastext)             will use the font T1/opensans-TLF/sb/it
(mathastext)             Other characters (digits, ...) and \log-like names
(mathastext)             will be in `n' shape.

LaTeX Font Info:    Overwriting math alphabet `\Mathnormalbold' in version `tudbold@lsb'
(Font)                  T1/opensans-TLF/m/n --> T1/opensans-TLF/m/it on input line 44.
LaTeX Font Info:    Overwriting symbol font `mtoperatorfont' in version `tudbold@lsb'
(Font)                  T1/opensans-TLF/l/n --> T1/opensans-TLF/sb/n on input line 44.
LaTeX Font Info:    Overwriting math alphabet `\Mathbf' in version `tudbold@lsb'
(Font)                  T1/opensans-TLF/m/n --> T1/opensans-TLF/m/n on input line 44.
LaTeX Font Info:    Overwriting math alphabet `\Mathit' in version `tudbold@lsb'
(Font)                  T1/opensans-TLF/l/it --> T1/opensans-TLF/sb/it on input line 44.
LaTeX Font Info:    Overwriting math alphabet `\Mathsf' in version `tudbold@lsb'
(Font)                  T1/opensans-TLF/l/n --> T1/opensans-TLF/sb/n on input line 44.
LaTeX Font Info:    Overwriting math alphabet `\Mathtt' in version `tudbold@lsb'
(Font)                  T1/tudtt/l/n --> T1/tudtt/sb/n on input line 44.
LaTeX Font Info:    Overwriting symbol font `operators' in version `tudnormal@lsb'
(Font)                  OT1/cmr/m/n --> OT1/iwona/l/n on input line 44.
LaTeX Font Info:    Overwriting symbol font `operators' in version `tudbold@lsb'
(Font)                  OT1/cmr/m/n --> OT1/iwona/sb/n on input line 44.
LaTeX Font Info:    Overwriting symbol font `letters' in version `tudnormal@lsb'
(Font)                  OML/cmm/m/it --> OML/iwona/l/it on input line 44.
LaTeX Font Info:    Overwriting symbol font `letters' in version `tudbold@lsb'
(Font)                  OML/cmm/m/it --> OML/iwona/sb/it on input line 44.
LaTeX Font Info:    Overwriting symbol font `symbols' in version `tudnormal@lsb'
(Font)                  OMS/cmsy/m/n --> OMS/iwona/l/n on input line 44.
LaTeX Font Info:    Overwriting symbol font `symbols' in version `tudbold@lsb'
(Font)                  OMS/cmsy/m/n --> OMS/iwona/sb/n on input line 44.
LaTeX Font Info:    Overwriting symbol font `largesymbols' in version `tudnormal@lsb'
(Font)                  OMX/cmex/m/n --> OMX/iwona/l/n on input line 44.
LaTeX Font Info:    Overwriting symbol font `largesymbols' in version `tudbold@lsb'
(Font)                  OMX/cmex/m/n --> OMX/iwona/sb/n on input line 44.
LaTeX Font Info:    Overwriting symbol font `tuditgrk' in version `tudnormal@lsb'
(Font)                  LGR/cmr/m/it --> LGR/opensans-TLF/l/it on input line 44.
LaTeX Font Info:    Overwriting symbol font `tuditgrk' in version `tudbold@lsb'
(Font)                  LGR/cmr/m/it --> LGR/opensans-TLF/sb/it on input line 44.
LaTeX Font Info:    Overwriting symbol font `tudupgrk' in version `tudnormal@lsb'
(Font)                  LGR/cmr/m/n --> LGR/opensans-TLF/l/n on input line 44.
LaTeX Font Info:    Overwriting symbol font `tudupgrk' in version `tudbold@lsb'
(Font)                  LGR/cmr/m/n --> LGR/opensans-TLF/sb/n on input line 44.
LaTeX Font Info:    Overwriting math alphabet `\mathrm' in version `tudnormal@lsb'
(Font)                  > T1/opensans-TLF/l/n on input line 44.
LaTeX Font Info:    Overwriting math alphabet `\mathrm' in version `tudbold@lsb'
(Font)                  > T1/opensans-TLF/sb/n on input line 44.
LaTeX Font Info:    Overwriting math alphabet `\mathbf' in version `tudnormal@lsb'
(Font)                  OT1/cmr/bx/n --> T1/opensans-TLF/sb/n on input line 44.
LaTeX Font Info:    Overwriting math alphabet `\mathbf' in version `tudbold@lsb'
(Font)                  OT1/cmr/bx/n --> T1/opensans-TLF/b/n on input line 44.
LaTeX Font Info:    Overwriting math alphabet `\mathsf' in version `tudnormal@lsb'
(Font)                  OT1/cmss/m/n --> T1/opensans-TLF/l/n on input line 44.
LaTeX Font Info:    Overwriting math alphabet `\mathsf' in version `tudbold@lsb'
(Font)                  OT1/cmss/m/n --> T1/opensans-TLF/sb/n on input line 44.
LaTeX Font Info:    Overwriting math alphabet `\mathit' in version `tudnormal@lsb'
(Font)                  OT1/cmr/m/it --> T1/opensans-TLF/l/it on input line 44.
LaTeX Font Info:    Overwriting math alphabet `\mathit' in version `tudbold@lsb'
(Font)                  OT1/cmr/m/it --> T1/opensans-TLF/sb/it on input line 44.
LaTeX Font Info:    Overwriting math alphabet `\mathtt' in version `tudnormal@lsb'
(Font)                  OT1/cmtt/m/n --> T1/tudtt/l/n on input line 44.
LaTeX Font Info:    Overwriting math alphabet `\mathtt' in version `tudbold@lsb'
(Font)                  OT1/cmtt/m/n --> T1/tudtt/sb/n on input line 44.
LaTeX Font Info:    Overwriting math alphabet `\mathcal' in version `tudnormal@lsb'
(Font)                  > U/eus/m/n on input line 44.
LaTeX Font Info:    Overwriting math alphabet `\mathcal' in version `tudbold@lsb'
(Font)                  > U/eus/b/n on input line 44.
LaTeX Font Info:    Overwriting math alphabet `\mathfrak' in version `tudnormal@lsb'
(Font)                  U/euf/m/n --> U/euf/m/n on input line 44.
LaTeX Font Info:    Overwriting math alphabet `\mathfrak' in version `tudbold@lsb'
(Font)                  U/euf/m/n --> U/euf/b/n on input line 44.
\c@mv@tudnormal@msb=\count450
LaTeX Font Info:    Overwriting symbol font `mtletterfont' in version `tudnormal@msb'
(Font)                  T1/opensans-TLF/l/n --> T1/opensans-TLF/m/it on input line 44.

Package mathastext Info: Latin letters in math version `tudnormal@msb'
(mathastext)             declared on input line 44
(mathastext)             will use the font T1/opensans-TLF/m/it
(mathastext)             Other characters (digits, ...) and \log-like names
(mathastext)             will be in `n' shape.

LaTeX Font Info:    Overwriting math alphabet `\Mathnormalbold' in version `tudnormal@msb'
(Font)                  T1/opensans-TLF/m/n --> T1/opensans-TLF/m/it on input line 44.
LaTeX Font Info:    Overwriting symbol font `mtoperatorfont' in version `tudnormal@msb'
(Font)                  T1/opensans-TLF/l/n --> T1/opensans-TLF/m/n on input line 44.
LaTeX Font Info:    Overwriting math alphabet `\Mathbf' in version `tudnormal@msb'
(Font)                  T1/opensans-TLF/m/n --> T1/opensans-TLF/m/n on input line 44.
LaTeX Font Info:    Overwriting math alphabet `\Mathit' in version `tudnormal@msb'
(Font)                  T1/opensans-TLF/l/it --> T1/opensans-TLF/m/it on input line 44.
LaTeX Font Info:    Overwriting math alphabet `\Mathsf' in version `tudnormal@msb'
(Font)                  T1/opensans-TLF/l/n --> T1/opensans-TLF/m/n on input line 44.
LaTeX Font Info:    Overwriting math alphabet `\Mathtt' in version `tudnormal@msb'
(Font)                  T1/tudtt/l/n --> T1/tudtt/m/n on input line 44.
\c@mv@tudbold@msb=\count451
LaTeX Font Info:    Overwriting symbol font `mtletterfont' in version `tudbold@msb'
(Font)                  T1/opensans-TLF/l/n --> T1/opensans-TLF/sb/it on input line 44.

Package mathastext Info: Latin letters in math version `tudbold@msb'
(mathastext)             declared on input line 44
(mathastext)             will use the font T1/opensans-TLF/sb/it
(mathastext)             Other characters (digits, ...) and \log-like names
(mathastext)             will be in `n' shape.

LaTeX Font Info:    Overwriting math alphabet `\Mathnormalbold' in version `tudbold@msb'
(Font)                  T1/opensans-TLF/m/n --> T1/opensans-TLF/m/it on input line 44.
LaTeX Font Info:    Overwriting symbol font `mtoperatorfont' in version `tudbold@msb'
(Font)                  T1/opensans-TLF/l/n --> T1/opensans-TLF/sb/n on input line 44.
LaTeX Font Info:    Overwriting math alphabet `\Mathbf' in version `tudbold@msb'
(Font)                  T1/opensans-TLF/m/n --> T1/opensans-TLF/m/n on input line 44.
LaTeX Font Info:    Overwriting math alphabet `\Mathit' in version `tudbold@msb'
(Font)                  T1/opensans-TLF/l/it --> T1/opensans-TLF/sb/it on input line 44.
LaTeX Font Info:    Overwriting math alphabet `\Mathsf' in version `tudbold@msb'
(Font)                  T1/opensans-TLF/l/n --> T1/opensans-TLF/sb/n on input line 44.
LaTeX Font Info:    Overwriting math alphabet `\Mathtt' in version `tudbold@msb'
(Font)                  T1/tudtt/l/n --> T1/tudtt/sb/n on input line 44.
LaTeX Font Info:    Overwriting symbol font `operators' in version `tudnormal@msb'
(Font)                  OT1/cmr/m/n --> OT1/iwona/m/n on input line 44.
LaTeX Font Info:    Overwriting symbol font `operators' in version `tudbold@msb'
(Font)                  OT1/cmr/m/n --> OT1/iwona/sb/n on input line 44.
LaTeX Font Info:    Overwriting symbol font `letters' in version `tudnormal@msb'
(Font)                  OML/cmm/m/it --> OML/iwona/m/it on input line 44.
LaTeX Font Info:    Overwriting symbol font `letters' in version `tudbold@msb'
(Font)                  OML/cmm/m/it --> OML/iwona/sb/it on input line 44.
LaTeX Font Info:    Overwriting symbol font `symbols' in version `tudnormal@msb'
(Font)                  OMS/cmsy/m/n --> OMS/iwona/m/n on input line 44.
LaTeX Font Info:    Overwriting symbol font `symbols' in version `tudbold@msb'
(Font)                  OMS/cmsy/m/n --> OMS/iwona/sb/n on input line 44.
LaTeX Font Info:    Overwriting symbol font `largesymbols' in version `tudnormal@msb'
(Font)                  OMX/cmex/m/n --> OMX/iwona/m/n on input line 44.
LaTeX Font Info:    Overwriting symbol font `largesymbols' in version `tudbold@msb'
(Font)                  OMX/cmex/m/n --> OMX/iwona/sb/n on input line 44.
LaTeX Font Info:    Overwriting symbol font `tuditgrk' in version `tudnormal@msb'
(Font)                  LGR/cmr/m/it --> LGR/opensans-TLF/m/it on input line 44.
LaTeX Font Info:    Overwriting symbol font `tuditgrk' in version `tudbold@msb'
(Font)                  LGR/cmr/m/it --> LGR/opensans-TLF/sb/it on input line 44.
LaTeX Font Info:    Overwriting symbol font `tudupgrk' in version `tudnormal@msb'
(Font)                  LGR/cmr/m/n --> LGR/opensans-TLF/m/n on input line 44.
LaTeX Font Info:    Overwriting symbol font `tudupgrk' in version `tudbold@msb'
(Font)                  LGR/cmr/m/n --> LGR/opensans-TLF/sb/n on input line 44.
LaTeX Font Info:    Overwriting math alphabet `\mathrm' in version `tudnormal@msb'
(Font)                  > T1/opensans-TLF/m/n on input line 44.
LaTeX Font Info:    Overwriting math alphabet `\mathrm' in version `tudbold@msb'
(Font)                  > T1/opensans-TLF/sb/n on input line 44.
LaTeX Font Info:    Overwriting math alphabet `\mathbf' in version `tudnormal@msb'
(Font)                  OT1/cmr/bx/n --> T1/opensans-TLF/sb/n on input line 44.
LaTeX Font Info:    Overwriting math alphabet `\mathbf' in version `tudbold@msb'
(Font)                  OT1/cmr/bx/n --> T1/opensans-TLF/b/n on input line 44.
LaTeX Font Info:    Overwriting math alphabet `\mathsf' in version `tudnormal@msb'
(Font)                  OT1/cmss/m/n --> T1/opensans-TLF/m/n on input line 44.
LaTeX Font Info:    Overwriting math alphabet `\mathsf' in version `tudbold@msb'
(Font)                  OT1/cmss/m/n --> T1/opensans-TLF/sb/n on input line 44.
LaTeX Font Info:    Overwriting math alphabet `\mathit' in version `tudnormal@msb'
(Font)                  OT1/cmr/m/it --> T1/opensans-TLF/m/it on input line 44.
LaTeX Font Info:    Overwriting math alphabet `\mathit' in version `tudbold@msb'
(Font)                  OT1/cmr/m/it --> T1/opensans-TLF/sb/it on input line 44.
LaTeX Font Info:    Overwriting math alphabet `\mathtt' in version `tudnormal@msb'
(Font)                  OT1/cmtt/m/n --> T1/tudtt/m/n on input line 44.
LaTeX Font Info:    Overwriting math alphabet `\mathtt' in version `tudbold@msb'
(Font)                  OT1/cmtt/m/n --> T1/tudtt/sb/n on input line 44.
LaTeX Font Info:    Overwriting math alphabet `\mathcal' in version `tudnormal@msb'
(Font)                  > U/eus/m/n on input line 44.
LaTeX Font Info:    Overwriting math alphabet `\mathcal' in version `tudbold@msb'
(Font)                  > U/eus/b/n on input line 44.
LaTeX Font Info:    Overwriting math alphabet `\mathfrak' in version `tudnormal@msb'
(Font)                  U/euf/m/n --> U/euf/m/n on input line 44.
LaTeX Font Info:    Overwriting math alphabet `\mathfrak' in version `tudbold@msb'
(Font)                  U/euf/m/n --> U/euf/b/n on input line 44.
\c@mv@tudnormal@mb=\count452
LaTeX Font Info:    Overwriting symbol font `mtletterfont' in version `tudnormal@mb'
(Font)                  T1/opensans-TLF/l/n --> T1/opensans-TLF/m/it on input line 44.

Package mathastext Info: Latin letters in math version `tudnormal@mb'
(mathastext)             declared on input line 44
(mathastext)             will use the font T1/opensans-TLF/m/it
(mathastext)             Other characters (digits, ...) and \log-like names
(mathastext)             will be in `n' shape.

LaTeX Font Info:    Overwriting math alphabet `\Mathnormalbold' in version `tudnormal@mb'
(Font)                  T1/opensans-TLF/m/n --> T1/opensans-TLF/m/it on input line 44.
LaTeX Font Info:    Overwriting symbol font `mtoperatorfont' in version `tudnormal@mb'
(Font)                  T1/opensans-TLF/l/n --> T1/opensans-TLF/m/n on input line 44.
LaTeX Font Info:    Overwriting math alphabet `\Mathbf' in version `tudnormal@mb'
(Font)                  T1/opensans-TLF/m/n --> T1/opensans-TLF/m/n on input line 44.
LaTeX Font Info:    Overwriting math alphabet `\Mathit' in version `tudnormal@mb'
(Font)                  T1/opensans-TLF/l/it --> T1/opensans-TLF/m/it on input line 44.
LaTeX Font Info:    Overwriting math alphabet `\Mathsf' in version `tudnormal@mb'
(Font)                  T1/opensans-TLF/l/n --> T1/opensans-TLF/m/n on input line 44.
LaTeX Font Info:    Overwriting math alphabet `\Mathtt' in version `tudnormal@mb'
(Font)                  T1/tudtt/l/n --> T1/tudtt/m/n on input line 44.
\c@mv@tudbold@mb=\count453
LaTeX Font Info:    Overwriting symbol font `mtletterfont' in version `tudbold@mb'
(Font)                  T1/opensans-TLF/l/n --> T1/opensans-TLF/b/it on input line 44.

Package mathastext Info: Latin letters in math version `tudbold@mb'
(mathastext)             declared on input line 44
(mathastext)             will use the font T1/opensans-TLF/b/it
(mathastext)             Other characters (digits, ...) and \log-like names
(mathastext)             will be in `n' shape.

LaTeX Font Info:    Overwriting math alphabet `\Mathnormalbold' in version `tudbold@mb'
(Font)                  T1/opensans-TLF/m/n --> T1/opensans-TLF/m/it on input line 44.
LaTeX Font Info:    Overwriting symbol font `mtoperatorfont' in version `tudbold@mb'
(Font)                  T1/opensans-TLF/l/n --> T1/opensans-TLF/b/n on input line 44.
LaTeX Font Info:    Overwriting math alphabet `\Mathbf' in version `tudbold@mb'
(Font)                  T1/opensans-TLF/m/n --> T1/opensans-TLF/m/n on input line 44.
LaTeX Font Info:    Overwriting math alphabet `\Mathit' in version `tudbold@mb'
(Font)                  T1/opensans-TLF/l/it --> T1/opensans-TLF/b/it on input line 44.
LaTeX Font Info:    Overwriting math alphabet `\Mathsf' in version `tudbold@mb'
(Font)                  T1/opensans-TLF/l/n --> T1/opensans-TLF/b/n on input line 44.
LaTeX Font Info:    Overwriting math alphabet `\Mathtt' in version `tudbold@mb'
(Font)                  T1/tudtt/l/n --> T1/tudtt/b/n on input line 44.
LaTeX Font Info:    Overwriting symbol font `operators' in version `tudnormal@mb'
(Font)                  OT1/cmr/m/n --> OT1/iwona/m/n on input line 44.
LaTeX Font Info:    Overwriting symbol font `operators' in version `tudbold@mb'
(Font)                  OT1/cmr/m/n --> OT1/iwona/b/n on input line 44.
LaTeX Font Info:    Overwriting symbol font `letters' in version `tudnormal@mb'
(Font)                  OML/cmm/m/it --> OML/iwona/m/it on input line 44.
LaTeX Font Info:    Overwriting symbol font `letters' in version `tudbold@mb'
(Font)                  OML/cmm/m/it --> OML/iwona/b/it on input line 44.
LaTeX Font Info:    Overwriting symbol font `symbols' in version `tudnormal@mb'
(Font)                  OMS/cmsy/m/n --> OMS/iwona/m/n on input line 44.
LaTeX Font Info:    Overwriting symbol font `symbols' in version `tudbold@mb'
(Font)                  OMS/cmsy/m/n --> OMS/iwona/b/n on input line 44.
LaTeX Font Info:    Overwriting symbol font `largesymbols' in version `tudnormal@mb'
(Font)                  OMX/cmex/m/n --> OMX/iwona/m/n on input line 44.
LaTeX Font Info:    Overwriting symbol font `largesymbols' in version `tudbold@mb'
(Font)                  OMX/cmex/m/n --> OMX/iwona/b/n on input line 44.
LaTeX Font Info:    Overwriting symbol font `tuditgrk' in version `tudnormal@mb'
(Font)                  LGR/cmr/m/it --> LGR/opensans-TLF/m/it on input line 44.
LaTeX Font Info:    Overwriting symbol font `tuditgrk' in version `tudbold@mb'
(Font)                  LGR/cmr/m/it --> LGR/opensans-TLF/b/it on input line 44.
LaTeX Font Info:    Overwriting symbol font `tudupgrk' in version `tudnormal@mb'
(Font)                  LGR/cmr/m/n --> LGR/opensans-TLF/m/n on input line 44.
LaTeX Font Info:    Overwriting symbol font `tudupgrk' in version `tudbold@mb'
(Font)                  LGR/cmr/m/n --> LGR/opensans-TLF/b/n on input line 44.
LaTeX Font Info:    Overwriting math alphabet `\mathrm' in version `tudnormal@mb'
(Font)                  > T1/opensans-TLF/m/n on input line 44.
LaTeX Font Info:    Overwriting math alphabet `\mathrm' in version `tudbold@mb'
(Font)                  > T1/opensans-TLF/b/n on input line 44.
LaTeX Font Info:    Overwriting math alphabet `\mathbf' in version `tudnormal@mb'
(Font)                  OT1/cmr/bx/n --> T1/opensans-TLF/b/n on input line 44.
LaTeX Font Info:    Overwriting math alphabet `\mathbf' in version `tudbold@mb'
(Font)                  OT1/cmr/bx/n --> T1/opensans-TLF/eb/n on input line 44.
LaTeX Font Info:    Overwriting math alphabet `\mathsf' in version `tudnormal@mb'
(Font)                  OT1/cmss/m/n --> T1/opensans-TLF/m/n on input line 44.
LaTeX Font Info:    Overwriting math alphabet `\mathsf' in version `tudbold@mb'
(Font)                  OT1/cmss/m/n --> T1/opensans-TLF/b/n on input line 44.
LaTeX Font Info:    Overwriting math alphabet `\mathit' in version `tudnormal@mb'
(Font)                  OT1/cmr/m/it --> T1/opensans-TLF/m/it on input line 44.
LaTeX Font Info:    Overwriting math alphabet `\mathit' in version `tudbold@mb'
(Font)                  OT1/cmr/m/it --> T1/opensans-TLF/b/it on input line 44.
LaTeX Font Info:    Overwriting math alphabet `\mathtt' in version `tudnormal@mb'
(Font)                  OT1/cmtt/m/n --> T1/tudtt/m/n on input line 44.
LaTeX Font Info:    Overwriting math alphabet `\mathtt' in version `tudbold@mb'
(Font)                  OT1/cmtt/m/n --> T1/tudtt/b/n on input line 44.
LaTeX Font Info:    Overwriting math alphabet `\mathcal' in version `tudnormal@mb'
(Font)                  > U/eus/m/n on input line 44.
LaTeX Font Info:    Overwriting math alphabet `\mathcal' in version `tudbold@mb'
(Font)                  > U/eus/b/n on input line 44.
LaTeX Font Info:    Overwriting math alphabet `\mathfrak' in version `tudnormal@mb'
(Font)                  U/euf/m/n --> U/euf/m/n on input line 44.
LaTeX Font Info:    Overwriting math alphabet `\mathfrak' in version `tudbold@mb'
(Font)                  U/euf/m/n --> U/euf/b/n on input line 44.
 (C:\Program Files\MiKTeX\tex/latex/koma-script\scrlayer-scrpage.sty
Package: scrlayer-scrpage 2023/07/07 v3.41 KOMA-Script package (end user interface for scrlayer)
 (C:\Program Files\MiKTeX\tex/latex/koma-script\scrlayer.sty
Package: scrlayer 2023/07/07 v3.41 KOMA-Script package (defining layers and page styles)
Package scrlayer Info: patching LaTeX kernel macro \pagestyle on input line 2183.
)
Package scrlayer-scrpage Info: Makeing stand-alone element `pagehead' from
(scrlayer-scrpage)             alias to `pageheadfoot' on input line 1106.
)
1: section
1: chapter
1: chapter
1: section
Package typearea Info: These are the values describing the layout:
(typearea)             DIV  = 10
(typearea)             BCOR = 11.38109pt
(typearea)             \paperwidth      = 597.50793pt
(typearea)              \textwidth      = 410.28883pt
(typearea)              DIV departure   = -4%
(typearea)              \evensidemargin = 27.0301pt
(typearea)              \oddsidemargin  = 27.0301pt
(typearea)             \paperheight     = 845.04694pt
(typearea)              \textheight     = 595.80026pt
(typearea)              \topmargin      = -25.16531pt
(typearea)              \headheight     = 17.0pt
(typearea)              \headsep        = 20.40001pt
(typearea)              \topskip        = 11.0pt
(typearea)              \footskip       = 47.6pt
(typearea)              \baselineskip   = 13.6pt
(typearea)              on input line 44.
Package typearea Info: Using dirty hack to recalculate internal output
(typearea)             dimensions of LaTeX on input line 44.
Package csquotes Info: Checking for multilingual support...
Package csquotes Info: ... found 'babel' package.
Package csquotes Info: Adjusting default style.
Package csquotes Info: Redefining alias 'default' -> 'ngerman'.
(Ausarbeitung.aux)
\openout1 = `Ausarbeitung.aux'.

LaTeX Font Info:    Checking defaults for OML/cmm/m/it on input line 44.
LaTeX Font Info:    ... okay on input line 44.
LaTeX Font Info:    Checking defaults for OMS/cmsy/m/n on input line 44.
LaTeX Font Info:    ... okay on input line 44.
LaTeX Font Info:    Checking defaults for OT1/cmr/m/n on input line 44.
LaTeX Font Info:    ... okay on input line 44.
LaTeX Font Info:    Checking defaults for T1/cmr/m/n on input line 44.
LaTeX Font Info:    ... okay on input line 44.
LaTeX Font Info:    Checking defaults for TS1/cmr/m/n on input line 44.
LaTeX Font Info:    ... okay on input line 44.
LaTeX Font Info:    Checking defaults for OMX/cmex/m/n on input line 44.
LaTeX Font Info:    ... okay on input line 44.
LaTeX Font Info:    Checking defaults for U/cmr/m/n on input line 44.
LaTeX Font Info:    ... okay on input line 44.
LaTeX Font Info:    Checking defaults for PD1/pdf/m/n on input line 44.
LaTeX Font Info:    ... okay on input line 44.
LaTeX Font Info:    Checking defaults for PU/pdf/m/n on input line 44.
LaTeX Font Info:    ... okay on input line 44.
LaTeX Font Info:    Checking defaults for LGR/cmr/m/n on input line 44.
LaTeX Font Info:    Trying to load font information for LGR+cmr on input line 44.
 (C:\Users\noahg\AppData\Roaming\MiKTeX\tex/latex/cbfonts-fd\lgrcmr.fd
File: lgrcmr.fd 2017/07/29 v1.2 Greek European Computer Regular
)
LaTeX Font Info:    ... okay on input line 44.
Package scrbase Info: activating ngerman \graduationtext on input line 44.
Package scrbase Info: activating ngerman \refereename on input line 44.
Package scrbase Info: activating ngerman \refereeothername on input line 44.
Package scrbase Info: activating ngerman \advisorname on input line 44.
Package scrbase Info: activating ngerman \advisorothername on input line 44.
Package scrbase Info: activating ngerman \supervisorname on input line 44.
Package scrbase Info: activating ngerman \supervisorothername on input line 44.
Package scrbase Info: activating ngerman \professorname on input line 44.
Package scrbase Info: activating ngerman \professorothername on input line 44.
Package scrbase Info: activating ngerman \datetext on input line 44.
Package scrbase Info: activating ngerman \dateofbirthtext on input line 44.
Package scrbase Info: activating ngerman \placeofbirthtext on input line 44.
Package scrbase Info: activating ngerman \defensedatetext on input line 44.
Package scrbase Info: activating ngerman \matriculationyearname on input line 44.
Package scrbase Info: activating ngerman \matriculationnumbername on input line 44.
Package scrbase Info: activating ngerman \coverpagename on input line 44.
Package scrbase Info: activating ngerman \titlepagename on input line 44.
Package scrbase Info: activating ngerman \titlename on input line 44.
Package scrbase Info: activating ngerman \confirmationname on input line 44.
Package scrbase Info: activating ngerman \confirmationtext on input line 44.
Package scrbase Info: activating ngerman \blockingname on input line 44.
Package scrbase Info: activating ngerman \blockingtext on input line 44.
Package scrbase Info: activating ngerman \coursename on input line 44.
Package scrbase Info: activating ngerman \disciplinename on input line 44.
Package scrbase Info: activating ngerman \listingname on input line 44.
Package scrbase Info: activating ngerman \listlistingname on input line 44.
Package scrbase Info: activating ngerman \habilitationname on input line 44.
Package scrbase Info: activating ngerman \dissertationname on input line 44.
Package scrbase Info: activating ngerman \diplomathesisname on input line 44.
Package scrbase Info: activating ngerman \masterthesisname on input line 44.
Package scrbase Info: activating ngerman \bachelorthesisname on input line 44.
Package scrbase Info: activating ngerman \studentthesisname on input line 44.
Package scrbase Info: activating ngerman \studentresearchname on input line 44.
Package scrbase Info: activating ngerman \projectpapername on input line 44.
Package scrbase Info: activating ngerman \seminarpapername on input line 44.
Package scrbase Info: activating ngerman \termpapername on input line 44.
Package scrbase Info: activating ngerman \researchname on input line 44.
Package scrbase Info: activating ngerman \logname on input line 44.
Package scrbase Info: activating ngerman \internshipname on input line 44.
Package scrbase Info: activating ngerman \reportname on input line 44.
<TUD-black.pdf, id=1, 256.15298pt x 74.32167pt>
File: TUD-black.pdf Graphic file (type pdf)
<use TUD-black.pdf>
Package pdftex.def Info: TUD-black.pdf  used on input line 44.
(pdftex.def)             Requested size: 162.1807pt x 47.05765pt.
<TUD-blue.pdf, id=2, 256.15298pt x 74.32167pt>
File: TUD-blue.pdf Graphic file (type pdf)
<use TUD-blue.pdf>
Package pdftex.def Info: TUD-blue.pdf  used on input line 44.
(pdftex.def)             Requested size: 162.1807pt x 47.05765pt.
<TUD-white.pdf, id=3, 256.15298pt x 74.32167pt>
File: TUD-white.pdf Graphic file (type pdf)
<use TUD-white.pdf>
Package pdftex.def Info: TUD-white.pdf  used on input line 44.
(pdftex.def)             Requested size: 162.1807pt x 47.05765pt.
<DDC-24.pdf, id=4, 144.20576pt x 51.4994pt>
File: DDC-24.pdf Graphic file (type pdf)
<use DDC-24.pdf>
Package pdftex.def Info: DDC-24.pdf  used on input line 44.
(pdftex.def)             Requested size: 131.77533pt x 47.05765pt.
<DDC-27.pdf, id=5, 144.20576pt x 51.4994pt>
File: DDC-27.pdf Graphic file (type pdf)
<use DDC-27.pdf>
Package pdftex.def Info: DDC-27.pdf  used on input line 44.
(pdftex.def)             Requested size: 131.77533pt x 47.05765pt.
<DDC-30.pdf, id=6, 144.20576pt x 51.4994pt>
File: DDC-30.pdf Graphic file (type pdf)
<use DDC-30.pdf>
Package pdftex.def Info: DDC-30.pdf  used on input line 44.
(pdftex.def)             Requested size: 131.77533pt x 47.05765pt.
<DDC-22.pdf, id=7, 34.71169pt x 69.42436pt>
File: DDC-22.pdf Graphic file (type pdf)
<use DDC-22.pdf>
Package pdftex.def Info: DDC-22.pdf  used on input line 44.
(pdftex.def)             Requested size: 23.52893pt x 47.05765pt.
<DDC-25.pdf, id=8, 34.71169pt x 69.42436pt>
File: DDC-25.pdf Graphic file (type pdf)
<use DDC-25.pdf>
Package pdftex.def Info: DDC-25.pdf  used on input line 44.
(pdftex.def)             Requested size: 23.52893pt x 47.05765pt.
<DDC-28.pdf, id=9, 34.71169pt x 69.42436pt>
File: DDC-28.pdf Graphic file (type pdf)
<use DDC-28.pdf>
Package pdftex.def Info: DDC-28.pdf  used on input line 44.
(pdftex.def)             Requested size: 23.52893pt x 47.05765pt.

*geometry* detected driver: <none>
*geometry* verbose mode - [ preamble ] result:
* driver: \Gm@driver 
* paper: custom
* layout: <same size as paper>
* layoutoffset:(h,v)=(0.0pt,0.0pt)
* bindingoffset: 11.38109pt
* modes: 
* h-part:(L,W,R)=(85.35826pt, 443.86308pt, 56.9055pt)
* v-part:(T,H,B)=(56.9055pt, 702.78317pt, 85.35826pt)
* \paperwidth=597.50793pt
* \paperheight=845.04694pt
* \textwidth=443.86308pt
* \textheight=702.78317pt
* \oddsidemargin=24.46936pt
* \evensidemargin=13.08827pt
* \topmargin=-52.7645pt
* \headheight=17.0pt
* \headsep=20.40001pt
* \topskip=11.0pt
* \footskip=42.60748pt
* \marginparwidth=36.5055pt
* \marginparsep=10.20001pt
* \columnsep=14.96pt
* \skip\footins=10.0pt plus 4.0pt minus 2.0pt
* \hoffset=0.0pt
* \voffset=0.0pt
* \mag=1000
* \@twocolumnfalse
* \@twosidefalse
* \@mparswitchfalse
* \@reversemarginfalse
* (1in=72.27pt=25.4mm, 1cm=28.453pt)

isodate: babel.sty has been loaded
Package hyperref Info: Link coloring OFF on input line 44.
(Ausarbeitung.out) (Ausarbeitung.out)
\@outlinefile=\write6
\openout6 = `Ausarbeitung.out'.

Class scrreprt Info: loading recommended package `bookmark'.
(scrreprt)           Using `bookmark' together with `hyperref' is recommended,
(scrreprt)           because of handling of possible bookmark level gaps.
(scrreprt)           You can avoid loading `bookmark' with KOMA-Script option
(scrreprt)           `bookmarkpackage=false' before \begin{document} and
(scrreprt)           you can avoid this message adding:
(scrreprt)             \usepackage{bookmark}
(scrreprt)           before \begin{document} on input line 44.
 (C:\Program Files\MiKTeX\tex/latex/bookmark\bookmark.sty
Package: bookmark 2023-12-10 v1.31 PDF bookmarks (HO)
 (C:\Program Files\MiKTeX\tex/latex/bookmark\bkm-pdftex.def
File: bkm-pdftex.def 2023-12-10 v1.31 bookmark driver for pdfTeX and luaTeX (HO)
\BKM@id=\count454
))
Package biblatex Info: Trying to load language 'ngerman'...
Package biblatex Info: ... file 'ngerman.lbx' found.
 (C:\Program Files\MiKTeX\tex/latex/biblatex/lbx\ngerman.lbx
File: ngerman.lbx 2024/03/21 v3.20 biblatex localization (PK/MW)
Package biblatex Info: Trying to load language 'german'...
Package biblatex Info: ... file 'german.lbx' found.
 (C:\Program Files\MiKTeX\tex/latex/biblatex/lbx\german.lbx
File: german.lbx 2024/03/21 v3.20 biblatex localization (PK/MW)
)
Package biblatex Info: Trying to load language 'german'...
Package biblatex Info: ... file 'german.lbx' found.
 (C:\Program Files\MiKTeX\tex/latex/biblatex/lbx\german.lbx
File: german.lbx 2024/03/21 v3.20 biblatex localization (PK/MW)
))
Package biblatex Info: Input encoding 'utf8' detected.
Package biblatex Info: Automatic encoding selection.
(biblatex)             Assuming data encoding 'utf8'.
\openout3 = `Ausarbeitung.bcf'.

Package biblatex Info: Trying to load bibliographic data...
Package biblatex Info: ... file 'Ausarbeitung.bbl' found.
 (Ausarbeitung.bbl)
Package biblatex Info: Reference section=0 on input line 44.
Package biblatex Info: Reference segment=0 on input line 44.
 (C:\Program Files\MiKTeX\tex/context/base/mkii\supp-pdf.mkii
[Loading MPS to PDF converter (version 2006.09.02).]
\scratchcounter=\count455
\scratchdimen=\dimen189
\scratchbox=\box70
\nofMPsegments=\count456
\nofMParguments=\count457
\everyMPshowfont=\toks39
\MPscratchCnt=\count458
\MPscratchDim=\dimen190
\MPnumerator=\count459
\makeMPintoPDFobject=\count460
\everyMPtoPDFconversion=\toks40
) (C:\Program Files\MiKTeX\tex/latex/epstopdf-pkg\epstopdf-base.sty
Package: epstopdf-base 2020-01-24 v2.11 Base part for package epstopdf
 (C:\Users\noahg\AppData\Roaming\MiKTeX\tex/latex/grfext\grfext.sty
Package: grfext 2019/12/03 v1.3 Manage graphics extensions (HO)
)
Package epstopdf-base Info: Redefining graphics rule for `.eps' on input line 485.
Package grfext Info: Graphics extension search list:
(grfext)             [.pdf,.png,.jpg,.mps,.jpeg,.jbig2,.jb2,.PDF,.PNG,.JPG,.JPEG,.JBIG2,.JB2,.eps]
(grfext)             \AppendGraphicsExtensions on input line 504.
 (C:\Program Files\MiKTeX\tex/latex/00miktex\epstopdf-sys.cfg
File: epstopdf-sys.cfg 2021/03/18 v2.0 Configuration of epstopdf for MiKTeX
))
LaTeX Font Info:    Encoding `T1' has changed to `OML' for symbol font
(Font)              `mtletterfont' in the math version `normal' on input line 44.
LaTeX Font Info:    Overwriting symbol font `mtletterfont' in version `normal'
(Font)                  T1/opensans-TLF/l/n --> OML/cmm/m/it on input line 44.
LaTeX Font Info:    Encoding `T1' has changed to `OML' for symbol font
(Font)              `mtletterfont' in the math version `bold' on input line 44.
LaTeX Font Info:    Overwriting symbol font `mtletterfont' in version `bold'
(Font)                  T1/opensans-TLF/l/n --> OML/cmm/b/it on input line 44.
LaTeX Font Info:    Overwriting symbol font `mtoperatorfont' in version `normal'
(Font)                  T1/opensans-TLF/l/n --> T1/cmr/m/n on input line 44.
LaTeX Font Info:    Overwriting symbol font `mtoperatorfont' in version `bold'
(Font)                  T1/opensans-TLF/l/n --> T1/cmr/bx/n on input line 44.

Package mathastext Info: ...entering subdued mode...
(mathastext)             ...done on input line 44.

Class tudscrreprt Info: You may load package `mdsymbol' in order to
(tudscrreprt)           get symbols matching the used math font.
Class tudscrreprt Info: You may load package `mdsymbol' in order to
(tudscrreprt)           get symbols matching the used math font.
Class tudscrreprt Info: You may load package `mdsymbol' in order to
(tudscrreprt)           get symbols matching the used math font.
Class tudscrreprt Info: You may load package `mdsymbol' in order to
(tudscrreprt)           get symbols matching the used math font.
LaTeX Font Info:    Trying to load font information for OT1+iwona on input line 67.
 (C:\Users\noahg\AppData\Roaming\MiKTeX\tex/latex/iwona\ot1iwona.fd
File: ot1iwona.fd 2008/07/22 v0.995 font definition file for OT1/iwona (MW)
)
LaTeX Font Info:    Trying to load font information for OMX+iwona on input line 67.
 (C:\Users\noahg\AppData\Roaming\MiKTeX\tex/latex/iwona\omxiwona.fd
File: omxiwona.fd 2008/07/22 v0.995 font definition file for OMX/iwona (MW)
)
LaTeX Font Info:    Trying to load font information for U+msa on input line 67.
 (C:\Program Files\MiKTeX\tex/latex/amsfonts\umsa.fd
File: umsa.fd 2013/01/14 v3.01 AMS symbols A
)
LaTeX Font Info:    Trying to load font information for U+msb on input line 67.
 (C:\Program Files\MiKTeX\tex/latex/amsfonts\umsb.fd
File: umsb.fd 2013/01/14 v3.01 AMS symbols B
)
LaTeX Font Info:    Trying to load font information for LGR+opensans-TLF on input line 67.
 (C:\Users\noahg\AppData\Roaming\MiKTeX\tex/latex/opensans\lgropensans-tlf.fd
File: LGRopensans-TLF.fd 2019/06/24 Font definitions for LGR/opensans-TLF.
)

[1{C:/Users/noahg/AppData/Local/MiKTeX/fonts/map/pdftex/pdftex.map}{C:/Users/noahg/AppData/Roaming/MiKTeX/fonts/enc/dvips/opensans/a_jg4h6q.enc}








 <C:/Program Files/MiKTeX/tex/latex/tudscr/logo/TUD-black.pdf>] (Ausarbeitung.toc)
\tf@toc=\write7
\openout7 = `Ausarbeitung.toc'.



LaTeX Font Info:    Font shape `T1/opensans-TLF/l/sl' in size <10.95> not available
(Font)              Font shape `T1/opensans-TLF/l/it' tried instead on input line 70.
[2



] (Ausarbeitung.syc) (Ausarbeitung.sym
LaTeX Font Info:    Font shape `T1/tudtt/l/n' will be
(Font)              scaled to size 9.85492pt on input line 1.
)
Overfull \hbox (0.33182pt too wide) in paragraph at lines 1--72
[]| [][] 
 []


Underfull \hbox (badness 10000) in paragraph at lines 1--72

 []



[3

{C:/Users/noahg/AppData/Roaming/MiKTeX/fonts/enc/dvips/opensans/a_uv4o4i.enc}{C:/Users/noahg/AppData/Roaming/MiKTeX/fonts/enc/dvips/iwona/sy-iwona.enc}{C:/Users/noahg/AppData/Roaming/MiKTeX/fonts/enc/dvips/roboto/rbto_e24joy.enc}]
chapter 1.

LaTeX Warning: Empty bibliography on input line 77.

\@syc=\write8
\openout8 = `Ausarbeitung.syc'.

(Ausarbeitung.sym)
\@suc=\write9
\openout9 = `Ausarbeitung.suc'.

 (Ausarbeitung.sub)

[4

] (Ausarbeitung.aux)
 ***********
LaTeX2e <2024-06-01> patch level 2
L3 programming layer <2020/03/25>
 ***********
Package rerunfilecheck Info: File `Ausarbeitung.out' has not changed.
(rerunfilecheck)             Checksum: D41D8CD98F00B204E9800998ECF8427E;0.
Package logreq Info: Writing requests to 'Ausarbeitung.run.xml'.
\openout1 = `Ausarbeitung.run.xml'.

 ) 
Here is how much of TeX's memory you used:
 30647 strings out of 473899
 594595 string characters out of 5736315
 1939960 words of memory out of 5000000
 53138 multiletter control sequences out of 15000+600000
 629952 words of font info for 163 fonts, out of 8000000 for 9000
 1143 hyphenation exceptions out of 8191
 108i,20n,107p,10947b,2371s stack positions out of 10000i,1000n,20000p,200000b,200000s
<C:/Users/noahg/AppData/Roaming/MiKTeX/fonts/type1/ascender/opensans/OpenSans-Light.pfb><C:/Users/noahg/AppData/Roaming/MiKTeX/fonts/type1/ascender/opensans/OpenSans-LightItalic.pfb><C:/Users/noahg/AppData/Roaming/MiKTeX/fonts/type1/ascender/opensans/OpenSans-Regular.pfb><C:/Users/noahg/AppData/Roaming/MiKTeX/fonts/type1/ascender/opensans/OpenSans-SemiBold.pfb><C:/Users/noahg/AppData/Roaming/MiKTeX/fonts/type1/google/roboto/RobotoMono-Light.pfb><C:/Users/noahg/AppData/Roaming/MiKTeX/fonts/type1/nowacki/iwona/iwonali.pfb>
Output written on Ausarbeitung.pdf (4 pages, 77336 bytes).
PDF statistics:
 89 PDF objects out of 1000 (max. 8388607)
 10 named destinations out of 1000 (max. 500000)
 70 words of extra memory for PDF output out of 10000 (max. 10000000)

